#
# A fatal error has been detected by the Java Runtime Environment:
#
#  SIGSEGV (0xb) at pc=0x00007fff8c7e7a29, pid=41061, tid=0x0000000000000307
#
# JRE version: Java(TM) SE Runtime Environment (8.0_121-b13) (build 1.8.0_121-b13)
# Java VM: Java HotSpot(TM) 64-Bit Server VM (25.121-b13 mixed mode bsd-amd64 compressed oops)
# Problematic frame:
# C  [libobjc.A.dylib+0xba29]  weak_register_no_lock+0x41
#
# Failed to write core dump. Core dumps have been disabled. To enable core dumping, try "ulimit -c unlimited" before starting Java again
#
# If you would like to submit a bug report, please visit:
#   http://bugreport.java.com/bugreport/crash.jsp
# The crash happened outside the Java Virtual Machine in native code.
# See problematic frame for where to report the bug.
#

---------------  T H R E A D  ---------------

Current thread (0x00007fe440907800):  JavaThread "AppKit Thread" daemon [_thread_in_native, id=775, stack(0x00007fff5399a000,0x00007fff5419a000)]

siginfo: si_signo: 11 (SIGSEGV), si_code: 1 (SEGV_MAPERR), si_addr: 0x0000000000000020

Registers:
RAX=0xb000000000000000, RBX=0x00007fe440773ff0, RCX=0x0000000000000000, RDX=0x00007fe440689c10
RSP=0x00007fff541946a0, RBP=0x00007fff541946f0, RSI=0x00007fe440773ff0, RDI=0x00007fff95e70ca0
R8 =0x000000000000003f, R9 =0x00007fe440661800, R10=0x0000000000000010, R11=0x00007fe44181cf00
R12=0x0000000000000001, R13=0x00007fff95e70480, R14=0x00007fff95e70ca0, R15=0x00007fe440689c10
RIP=0x00007fff8c7e7a29, EFLAGS=0x0000000000010246, ERR=0x0000000000000004
  TRAPNO=0x000000000000000e

Top of Stack: (sp=0x00007fff541946a0)
0x00007fff541946a0:   00007fff95e70480 00007fff95e70780
0x00007fff541946b0:   00007fff54194740 00007fff8c7e78a8
0x00007fff541946c0:   0000000000000000 00007fff95e70480
0x00007fff541946d0:   00007fe440689c10 00007fff95e70480
0x00007fff541946e0:   00007fe440773ff0 0000000000000000
0x00007fff541946f0:   00007fff54194780 00007fff8c7e782f
0x00007fff54194700:   0000000000000000 00007fe440689b90
0x00007fff54194710:   ffff801bbf99e800 0000000000000800
0x00007fff54194720:   00007fff95db75f0 0000000000000000
0x00007fff54194730:   00007fff95e70c80 00007fe440773ff0
0x00007fff54194740:   0000000000000000 00007fe440689c10
0x00007fff54194750:   0000000000000004 00007fe440661800
0x00007fff54194760:   0000000000000000 00007fe440661800
0x00007fff54194770:   00007fe440689a50 00007fe440773ff0
0x00007fff54194780:   00007fff541947c0 00007fff79585e8f
0x00007fff54194790:   00007fff541947c0 0000000000000000
0x00007fff541947a0:   00007fe440773ff0 00007fff762ea89b
0x00007fff541947b0:   00007fe440661800 00007fff8c7e2b40
0x00007fff541947c0:   00007fff541947f0 00007fff759893bf
0x00007fff541947d0:   00007fff8c7e2b40 00007fff54194878
0x00007fff541947e0:   00007fff7632e006 00007fff8c7e2b40
0x00007fff541947f0:   00007fff54194830 00007fff75d5679f
0x00007fff54194800:   0000000000000000 0000000000000000
0x00007fff54194810:   0000000000000094 00007fff76310a23
0x00007fff54194820:   00007fff54194878 0000000000000001
0x00007fff54194830:   00007fff54194860 00007fff757e0ddc
0x00007fff54194840:   0000000000000000 00007fe440773ff0
0x00007fff54194850:   00007fe440661800 0000000000000000
0x00007fff54194860:   00007fff541948c0 00007fff759891fc
0x00007fff54194870:   0000000000000000 00007fff95f00060
0x00007fff54194880:   00000000c2000000 00007fff75d566b0
0x00007fff54194890:   00007fff920a3cd0 0000000000000000 

Instructions: (pc=0x00007fff8c7e7a29)
0x00007fff8c7e7a09:   db 0f 84 1c 01 00 00 f6 c3 01 0f 85 10 01 00 00
0x00007fff8c7e7a19:   48 8b 03 48 b9 f8 ff ff ff ff 7f 00 00 48 21 c1
0x00007fff8c7e7a29:   f6 41 20 02 75 34 4c 8d 2d 5a 9b 68 09 49 8b 75
0x00007fff8c7e7a39:   00 48 89 df e8 a7 1d 00 00 48 89 c1 31 c0 48 3b 

Register to memory mapping:

RAX=0xb000000000000000 is an unknown value
RBX=0x00007fe440773ff0 is an unknown value
RCX=0x0000000000000000 is an unknown value
RDX=0x00007fe440689c10 is an unknown value
RSP=0x00007fff541946a0 is pointing into the stack for thread: 0x00007fe440907800
RBP=0x00007fff541946f0 is pointing into the stack for thread: 0x00007fe440907800
RSI=0x00007fe440773ff0 is an unknown value
RDI=0x00007fff95e70ca0: _ZN12_GLOBAL__N_1L12SideTableBufE+0x820 in /usr/lib/libobjc.A.dylib at 0x00007fff8c7dc000
R8 =0x000000000000003f is an unknown value
R9 =0x00007fe440661800 is an unknown value
R10=0x0000000000000010 is an unknown value
R11=0x00007fe44181cf00 is an unknown value
R12=0x0000000000000001 is an unknown value
R13=0x00007fff95e70480: _ZN12_GLOBAL__N_1L12SideTableBufE+0 in /usr/lib/libobjc.A.dylib at 0x00007fff8c7dc000
R14=0x00007fff95e70ca0: _ZN12_GLOBAL__N_1L12SideTableBufE+0x820 in /usr/lib/libobjc.A.dylib at 0x00007fff8c7dc000
R15=0x00007fe440689c10 is an unknown value


Stack: [0x00007fff5399a000,0x00007fff5419a000],  sp=0x00007fff541946a0,  free space=8169k
Native frames: (J=compiled Java code, j=interpreted, Vv=VM code, C=native code)
C  [libobjc.A.dylib+0xba29]  weak_register_no_lock+0x41
C  [libobjc.A.dylib+0xb82f]  objc_storeWeak+0x1c5
C  [Foundation+0x17e8f]  -[NSConcreteMapTable setObject:forKey:]+0x6a
C  [AppKit+0x3223bf]  -[NSView(NSOpenGLContextAssociation) _setOpenGLContext:]+0x9b
C  [AppKit+0x6ef79f]  __27-[NSOpenGLContext setView:]_block_invoke+0xef
C  [AppKit+0x179ddc]  NSPerformVisuallyAtomicChange+0x93
C  [AppKit+0x3221fc]  -[NSOpenGLContext setView:]+0x69
C  [liblwjgl.dylib+0xa586]  -[MacOSXOpenGLView lockFocus]+0x76
C  [AppKit+0x19cf0b]  -[NSView _recursiveDisplayRectIfNeededIgnoringOpacity:isVisibleRect:rectIsVisibleRectForView:topView:]+0x6ee
C  [AppKit+0x19d761]  -[NSView _recursiveDisplayRectIfNeededIgnoringOpacity:isVisibleRect:rectIsVisibleRectForView:topView:]+0xf44
C  [AppKit+0x19c33f]  -[NSThemeFrame _recursiveDisplayRectIfNeededIgnoringOpacity:isVisibleRect:rectIsVisibleRectForView:topView:]+0x14e
C  [AppKit+0x19a768]  -[NSView _displayRectIgnoringOpacity:isVisibleRect:rectIsVisibleRectForView:]+0x994
C  [AppKit+0x196055]  -[NSView displayIfNeeded]+0x6d4
C  [AppKit+0x195967]  -[NSWindow displayIfNeeded]+0xe6
C  [AppKit+0x8f43f3]  ___NSWindowGetDisplayCycleObserver_block_invoke.6228+0x115
C  [AppKit+0x195445]  __37+[NSDisplayCycle currentDisplayCycle]_block_invoke+0x1c6
C  [QuartzCore+0x11a96]  _ZN2CA11Transaction19run_commit_handlersE18CATransactionPhase+0x2e
C  [QuartzCore+0x119800]  _ZN2CA7Context18commit_transactionEPNS_11TransactionE+0xa0
C  [QuartzCore+0x10631]  _ZN2CA11Transaction6commitEv+0x1db
C  [AppKit+0x478445]  __37+[NSDisplayCycle currentDisplayCycle]_block_invoke.31+0x143
C  [CoreFoundation+0xa7397]  __CFRUNLOOP_IS_CALLING_OUT_TO_AN_OBSERVER_CALLBACK_FUNCTION__+0x17
C  [CoreFoundation+0xa7307]  __CFRunLoopDoObservers+0x187
C  [CoreFoundation+0x87f39]  __CFRunLoopRun+0x369
C  [CoreFoundation+0x87974]  CFRunLoopRunSpecific+0x1a4
C  [HIToolbox+0x30acc]  RunCurrentEventLoopInMode+0xf0
C  [HIToolbox+0x30809]  ReceiveNextEventCommon+0xb8
C  [HIToolbox+0x30736]  _BlockUntilNextEventMatchingListInModeWithFilter+0x47
C  [AppKit+0x46ae4]  _DPSNextEvent+0x460
C  [AppKit+0x7c121f]  -[NSApplication(NSEvent) _nextEventMatchingEventMask:untilDate:inMode:dequeue:]+0xae5
C  [libosxapp.dylib+0x23aa]  -[NSApplicationAWT nextEventMatchingMask:untilDate:inMode:dequeue:]+0x7c
C  [AppKit+0x3b465]  -[NSApplication run]+0x39e
C  [libosxapp.dylib+0x214d]  +[NSApplicationAWT runAWTLoopWithApp:]+0x9c
C  [libawt_lwawt.dylib+0x45ff7]  -[AWTStarter starter:]+0x389
C  [Foundation+0x7188a]  __NSThreadPerformPerform+0x146
C  [CoreFoundation+0xa7981]  __CFRUNLOOP_IS_CALLING_OUT_TO_A_SOURCE0_PERFORM_FUNCTION__+0x11
C  [CoreFoundation+0x88a7d]  __CFRunLoopDoSources0+0x22d
C  [CoreFoundation+0x87f76]  __CFRunLoopRun+0x3a6
C  [CoreFoundation+0x87974]  CFRunLoopRunSpecific+0x1a4
C  [java+0x6465]  CreateExecutionEnvironment+0x367
C  [java+0x218c]  JLI_Launch+0x7a0
C  [java+0x84c2]  main+0x65
C  [java+0x19e4]  start+0x34
C  0x0000000000000006


---------------  P R O C E S S  ---------------

Java Threads: ( => current thread )
  0x00007fe44125f800 JavaThread "AWT-Shutdown" [_thread_blocked, id=30727, stack(0x0000700002902000,0x0000700002a02000)]
  0x00007fe4421f8800 JavaThread "Java2D Queue Flusher" daemon [_thread_blocked, id=62983, stack(0x0000700002c0e000,0x0000700002d0e000)]
  0x00007fe441176000 JavaThread "Java2D Disposer" daemon [_thread_blocked, id=61463, stack(0x0000700002b0b000,0x0000700002c0b000)]
=>0x00007fe440907800 JavaThread "AppKit Thread" daemon [_thread_in_native, id=775, stack(0x00007fff5399a000,0x00007fff5419a000)]
  0x00007fe44203b800 JavaThread "Service Thread" daemon [_thread_blocked, id=18691, stack(0x0000700002679000,0x0000700002779000)]
  0x00007fe44201b000 JavaThread "C1 CompilerThread2" daemon [_thread_blocked, id=18179, stack(0x0000700002576000,0x0000700002676000)]
  0x00007fe441817800 JavaThread "C2 CompilerThread1" daemon [_thread_blocked, id=17667, stack(0x0000700002473000,0x0000700002573000)]
  0x00007fe44201a000 JavaThread "C2 CompilerThread0" daemon [_thread_blocked, id=17155, stack(0x0000700002370000,0x0000700002470000)]
  0x00007fe442001000 JavaThread "Signal Dispatcher" daemon [_thread_blocked, id=16643, stack(0x000070000226d000,0x000070000236d000)]
  0x00007fe440824000 JavaThread "Finalizer" daemon [_thread_blocked, id=12547, stack(0x000070000216a000,0x000070000226a000)]
  0x00007fe440823800 JavaThread "Reference Handler" daemon [_thread_blocked, id=12035, stack(0x0000700002067000,0x0000700002167000)]
  0x00007fe442002800 JavaThread "main" [_thread_in_native, id=7171, stack(0x0000700001a55000,0x0000700001b55000)]

Other Threads:
  0x00007fe44200b800 VMThread [stack: 0x0000700001f64000,0x0000700002064000] [id=11523]
  0x00007fe441012800 WatcherThread [stack: 0x000070000277c000,0x000070000287c000] [id=19203]

VM state:not at safepoint (normal execution)

VM Mutex/Monitor currently owned by a thread: None

Heap:
 PSYoungGen      total 49664K, used 14810K [0x00000007aab00000, 0x00000007aeb80000, 0x00000007c0000000)
  eden space 47104K, 26% used [0x00000007aab00000,0x00000007ab712df0,0x00000007ad900000)
  from space 2560K, 95% used [0x00000007ae900000,0x00000007aeb63df8,0x00000007aeb80000)
  to   space 9216K, 0% used [0x00000007ad980000,0x00000007ad980000,0x00000007ae280000)
 ParOldGen       total 81408K, used 19235K [0x0000000780000000, 0x0000000784f80000, 0x00000007aab00000)
  object space 81408K, 23% used [0x0000000780000000,0x00000007812c8db0,0x0000000784f80000)
 Metaspace       used 9478K, capacity 9685K, committed 9856K, reserved 1058816K
  class space    used 1010K, capacity 1085K, committed 1152K, reserved 1048576K

Card table byte_map: [0x000000010d762000,0x000000010d963000] byte_map_base: 0x0000000109b62000

Marking Bits: (ParMarkBitMap*) 0x000000010ccf0d30
 Begin Bits: [0x000000011cf75000, 0x000000011df75000)
 End Bits:   [0x000000011df75000, 0x000000011ef75000)

Polling page: 0x000000010bb26000

CodeCache: size=245760Kb used=3532Kb max_used=3532Kb free=242227Kb
 bounds [0x000000010df75000, 0x000000010e2f5000, 0x000000011cf75000]
 total_blobs=1338 nmethods=832 adapters=420
 compilation: enabled

Compilation events (10 events):
Event: 5.250 Thread 0x00007fe44201a000  828       4       org.newdawn.slick.Graphics::setCurrent (30 bytes)
Event: 5.251 Thread 0x00007fe44201a000 nmethod 828 0x000000010e2de5d0 code [0x000000010e2de720, 0x000000010e2de798]
Event: 5.255 Thread 0x00007fe44201b000  829       3       java.nio.HeapByteBuffer::getInt (18 bytes)
Event: 5.257 Thread 0x00007fe44201b000 nmethod 829 0x000000010e2e92d0 code [0x000000010e2e94e0, 0x000000010e2e9e48]
Event: 5.257 Thread 0x00007fe44201b000  830       3       java.nio.Bits::getInt (18 bytes)
Event: 5.258 Thread 0x00007fe44201b000 nmethod 830 0x000000010e2e83d0 code [0x000000010e2e85e0, 0x000000010e2e8f98]
Event: 5.454 Thread 0x00007fe44201b000  831       3       sun.awt.AWTAutoShutdown::getInstance (4 bytes)
Event: 5.454 Thread 0x00007fe44201b000 nmethod 831 0x000000010e2e80d0 code [0x000000010e2e8220, 0x000000010e2e8350]
Event: 5.463 Thread 0x00007fe44201b000  832   !   3       sun.awt.AWTAutoShutdown::setToolkitBusy (124 bytes)
Event: 5.464 Thread 0x00007fe44201b000 nmethod 832 0x000000010e2ea610 code [0x000000010e2ea7e0, 0x000000010e2eb088]

GC Heap History (10 events):
Event: 1.966 GC heap before
{Heap before GC invocations=4 (full 1):
 PSYoungGen      total 18944K, used 16384K [0x00000007aab00000, 0x00000007ad000000, 0x00000007c0000000)
  eden space 16384K, 100% used [0x00000007aab00000,0x00000007abb00000,0x00000007abb00000)
  from space 2560K, 0% used [0x00000007abd80000,0x00000007abd80000,0x00000007ac000000)
  to   space 2560K, 0% used [0x00000007abb00000,0x00000007abb00000,0x00000007abd80000)
 ParOldGen       total 56832K, used 10823K [0x0000000780000000, 0x0000000783780000, 0x00000007aab00000)
  object space 56832K, 19% used [0x0000000780000000,0x0000000780a91d98,0x0000000783780000)
 Metaspace       used 9266K, capacity 9397K, committed 9600K, reserved 1058816K
  class space    used 1002K, capacity 1053K, committed 1152K, reserved 1048576K
Event: 1.969 GC heap after
Heap after GC invocations=4 (full 1):
 PSYoungGen      total 18944K, used 96K [0x00000007aab00000, 0x00000007acd80000, 0x00000007c0000000)
  eden space 16384K, 0% used [0x00000007aab00000,0x00000007aab00000,0x00000007abb00000)
  from space 2560K, 3% used [0x00000007abb00000,0x00000007abb18000,0x00000007abd80000)
  to   space 2560K, 0% used [0x00000007acb00000,0x00000007acb00000,0x00000007acd80000)
 ParOldGen       total 56832K, used 24950K [0x0000000780000000, 0x0000000783780000, 0x00000007aab00000)
  object space 56832K, 43% used [0x0000000780000000,0x000000078185db48,0x0000000783780000)
 Metaspace       used 9266K, capacity 9397K, committed 9600K, reserved 1058816K
  class space    used 1002K, capacity 1053K, committed 1152K, reserved 1048576K
}
Event: 2.121 GC heap before
{Heap before GC invocations=5 (full 1):
 PSYoungGen      total 18944K, used 13384K [0x00000007aab00000, 0x00000007acd80000, 0x00000007c0000000)
  eden space 16384K, 81% used [0x00000007aab00000,0x00000007ab7fa158,0x00000007abb00000)
  from space 2560K, 3% used [0x00000007abb00000,0x00000007abb18000,0x00000007abd80000)
  to   space 2560K, 0% used [0x00000007acb00000,0x00000007acb00000,0x00000007acd80000)
 ParOldGen       total 56832K, used 24950K [0x0000000780000000, 0x0000000783780000, 0x00000007aab00000)
  object space 56832K, 43% used [0x0000000780000000,0x000000078185db48,0x0000000783780000)
 Metaspace       used 9287K, capacity 9461K, committed 9600K, reserved 1058816K
  class space    used 1004K, capacity 1053K, committed 1152K, reserved 1048576K
Event: 2.122 GC heap after
Heap after GC invocations=5 (full 1):
 PSYoungGen      total 30720K, used 160K [0x00000007aab00000, 0x00000007acc80000, 0x00000007c0000000)
  eden space 29184K, 0% used [0x00000007aab00000,0x00000007aab00000,0x00000007ac780000)
  from space 1536K, 10% used [0x00000007acb00000,0x00000007acb28000,0x00000007acc80000)
  to   space 2560K, 0% used [0x00000007ac780000,0x00000007ac780000,0x00000007aca00000)
 ParOldGen       total 56832K, used 24950K [0x0000000780000000, 0x0000000783780000, 0x00000007aab00000)
  object space 56832K, 43% used [0x0000000780000000,0x000000078185db48,0x0000000783780000)
 Metaspace       used 9287K, capacity 9461K, committed 9600K, reserved 1058816K
  class space    used 1004K, capacity 1053K, committed 1152K, reserved 1048576K
}
Event: 2.314 GC heap before
{Heap before GC invocations=6 (full 1):
 PSYoungGen      total 30720K, used 29344K [0x00000007aab00000, 0x00000007acc80000, 0x00000007c0000000)
  eden space 29184K, 100% used [0x00000007aab00000,0x00000007ac780000,0x00000007ac780000)
  from space 1536K, 10% used [0x00000007acb00000,0x00000007acb28000,0x00000007acc80000)
  to   space 2560K, 0% used [0x00000007ac780000,0x00000007ac780000,0x00000007aca00000)
 ParOldGen       total 56832K, used 24950K [0x0000000780000000, 0x0000000783780000, 0x00000007aab00000)
  object space 56832K, 43% used [0x0000000780000000,0x000000078185db48,0x0000000783780000)
 Metaspace       used 9290K, capacity 9461K, committed 9600K, reserved 1058816K
  class space    used 1004K, capacity 1053K, committed 1152K, reserved 1048576K
Event: 2.334 GC heap after
Heap after GC invocations=6 (full 1):
 PSYoungGen      total 31744K, used 160K [0x00000007aab00000, 0x00000007af300000, 0x00000007c0000000)
  eden space 29184K, 0% used [0x00000007aab00000,0x00000007aab00000,0x00000007ac780000)
  from space 2560K, 6% used [0x00000007ac780000,0x00000007ac7a8000,0x00000007aca00000)
  to   space 10240K, 0% used [0x00000007ae900000,0x00000007ae900000,0x00000007af300000)
 ParOldGen       total 66048K, used 63259K [0x0000000780000000, 0x0000000784080000, 0x00000007aab00000)
  object space 66048K, 95% used [0x0000000780000000,0x0000000783dc6c08,0x0000000784080000)
 Metaspace       used 9290K, capacity 9461K, committed 9600K, reserved 1058816K
  class space    used 1004K, capacity 1053K, committed 1152K, reserved 1048576K
}
Event: 2.334 GC heap before
{Heap before GC invocations=7 (full 2):
 PSYoungGen      total 31744K, used 160K [0x00000007aab00000, 0x00000007af300000, 0x00000007c0000000)
  eden space 29184K, 0% used [0x00000007aab00000,0x00000007aab00000,0x00000007ac780000)
  from space 2560K, 6% used [0x00000007ac780000,0x00000007ac7a8000,0x00000007aca00000)
  to   space 10240K, 0% used [0x00000007ae900000,0x00000007ae900000,0x00000007af300000)
 ParOldGen       total 66048K, used 63259K [0x0000000780000000, 0x0000000784080000, 0x00000007aab00000)
  object space 66048K, 95% used [0x0000000780000000,0x0000000783dc6c08,0x0000000784080000)
 Metaspace       used 9290K, capacity 9461K, committed 9600K, reserved 1058816K
  class space    used 1004K, capacity 1053K, committed 1152K, reserved 1048576K
Event: 2.362 GC heap after
Heap after GC invocations=7 (full 2):
 PSYoungGen      total 31744K, used 0K [0x00000007aab00000, 0x00000007af300000, 0x00000007c0000000)
  eden space 29184K, 0% used [0x00000007aab00000,0x00000007aab00000,0x00000007ac780000)
  from space 2560K, 0% used [0x00000007ac780000,0x00000007ac780000,0x00000007aca00000)
  to   space 10240K, 0% used [0x00000007ae900000,0x00000007ae900000,0x00000007af300000)
 ParOldGen       total 81408K, used 19227K [0x0000000780000000, 0x0000000784f80000, 0x00000007aab00000)
  object space 81408K, 23% used [0x0000000780000000,0x00000007812c6db0,0x0000000784f80000)
 Metaspace       used 9290K, capacity 9461K, committed 9600K, reserved 1058816K
  class space    used 1004K, capacity 1053K, committed 1152K, reserved 1048576K
}
Event: 2.492 GC heap before
{Heap before GC invocations=8 (full 2):
 PSYoungGen      total 31744K, used 27874K [0x00000007aab00000, 0x00000007af300000, 0x00000007c0000000)
  eden space 29184K, 95% used [0x00000007aab00000,0x00000007ac6388e0,0x00000007ac780000)
  from space 2560K, 0% used [0x00000007ac780000,0x00000007ac780000,0x00000007aca00000)
  to   space 10240K, 0% used [0x00000007ae900000,0x00000007ae900000,0x00000007af300000)
 ParOldGen       total 81408K, used 19227K [0x0000000780000000, 0x0000000784f80000, 0x00000007aab00000)
  object space 81408K, 23% used [0x0000000780000000,0x00000007812c6db0,0x0000000784f80000)
 Metaspace       used 9307K, capacity 9461K, committed 9600K, reserved 1058816K
  class space    used 1004K, capacity 1053K, committed 1152K, reserved 1048576K
Event: 2.494 GC heap after
Heap after GC invocations=8 (full 2):
 PSYoungGen      total 49664K, used 2447K [0x00000007aab00000, 0x00000007aeb80000, 0x00000007c0000000)
  eden space 47104K, 0% used [0x00000007aab00000,0x00000007aab00000,0x00000007ad900000)
  from space 2560K, 95% used [0x00000007ae900000,0x00000007aeb63df8,0x00000007aeb80000)
  to   space 9216K, 0% used [0x00000007ad980000,0x00000007ad980000,0x00000007ae280000)
 ParOldGen       total 81408K, used 19235K [0x0000000780000000, 0x0000000784f80000, 0x00000007aab00000)
  object space 81408K, 23% used [0x0000000780000000,0x00000007812c8db0,0x0000000784f80000)
 Metaspace       used 9307K, capacity 9461K, committed 9600K, reserved 1058816K
  class space    used 1004K, capacity 1053K, committed 1152K, reserved 1048576K
}

Deoptimization events (6 events):
Event: 0.742 Thread 0x00007fe442002800 Uncommon trap: reason=unstable_if action=reinterpret pc=0x000000010e10b4dc method=java.lang.String.replace(CC)Ljava/lang/String; @ 26
Event: 1.294 Thread 0x00007fe442002800 Uncommon trap: reason=unstable_if action=reinterpret pc=0x000000010e10ab64 method=java.lang.String.indexOf([CII[CIII)I @ 3
Event: 1.656 Thread 0x00007fe442002800 Uncommon trap: reason=unstable_if action=reinterpret pc=0x000000010e202b58 method=sun.java2d.loops.OpaqueCopyArgbToAny.Blit(Lsun/java2d/SurfaceData;Lsun/java2d/SurfaceData;Ljava/awt/Composite;Lsun/java2d/pipe/Region;IIIIII)V @ 159
Event: 1.657 Thread 0x00007fe442002800 Uncommon trap: reason=unstable_if action=reinterpret pc=0x000000010e1fd954 method=java.awt.image.ComponentColorModel.getDataElements(ILjava/lang/Object;)Ljava/lang/Object; @ 2993
Event: 1.657 Thread 0x00007fe442002800 Uncommon trap: reason=unstable_if action=reinterpret pc=0x000000010e1e02ac method=sun.awt.image.ByteInterleavedRaster.getDataElements(IILjava/lang/Object;)Ljava/lang/Object; @ 43
Event: 1.867 Thread 0x00007fe442002800 Uncommon trap: reason=unstable_if action=reinterpret pc=0x000000010e1ed68c method=sun.java2d.loops.OpaqueCopyAnyToArgb.Blit(Lsun/java2d/SurfaceData;Lsun/java2d/SurfaceData;Ljava/awt/Composite;Lsun/java2d/pipe/Region;IIIIII)V @ 150

Internal exceptions (10 events):
Event: 0.288 Thread 0x00007fe442002800 Exception <a 'java/security/PrivilegedActionException'> (0x00000007aacd6e40) thrown at [/Users/java_re/workspace/8-2-build-macosx-x86_64/jdk8u121/8372/hotspot/src/share/vm/prims/jvm.cpp, line 1390]
Event: 0.289 Thread 0x00007fe442002800 Exception <a 'java/security/PrivilegedActionException'> (0x00000007aacda358) thrown at [/Users/java_re/workspace/8-2-build-macosx-x86_64/jdk8u121/8372/hotspot/src/share/vm/prims/jvm.cpp, line 1390]
Event: 0.289 Thread 0x00007fe442002800 Exception <a 'java/security/PrivilegedActionException'> (0x00000007aacda568) thrown at [/Users/java_re/workspace/8-2-build-macosx-x86_64/jdk8u121/8372/hotspot/src/share/vm/prims/jvm.cpp, line 1390]
Event: 0.374 Thread 0x00007fe442002800 Exception <a 'java/lang/NoSuchFieldError': method resolution failed> (0x00000007aada7438) thrown at [/Users/java_re/workspace/8-2-build-macosx-x86_64/jdk8u121/8372/hotspot/src/share/vm/prims/methodHandles.cpp, line 1146]
Event: 0.379 Thread 0x00007fe442002800 Exception <a 'java/lang/NoSuchFieldError': method resolution failed> (0x00000007aadb4b88) thrown at [/Users/java_re/workspace/8-2-build-macosx-x86_64/jdk8u121/8372/hotspot/src/share/vm/prims/methodHandles.cpp, line 1146]
Event: 0.666 Thread 0x00007fe442002800 Exception <a 'java/io/FileNotFoundException'> (0x00000007aae2f5a0) thrown at [/Users/java_re/workspace/8-2-build-macosx-x86_64/jdk8u121/8372/hotspot/src/share/vm/prims/jni.cpp, line 709]
Event: 0.666 Thread 0x00007fe442002800 Exception <a 'java/io/FileNotFoundException'> (0x00000007aae30108) thrown at [/Users/java_re/workspace/8-2-build-macosx-x86_64/jdk8u121/8372/hotspot/src/share/vm/prims/jni.cpp, line 709]
Event: 1.245 Thread 0x00007fe442002800 Exception <a 'java/lang/NoClassDefFoundError': net/java/games/input/ControllerEnvironment> (0x00000007ab279bf8) thrown at [/Users/java_re/workspace/8-2-build-macosx-x86_64/jdk8u121/8372/hotspot/src/share/vm/classfile/systemDictionary.cpp, line 199]
Event: 1.657 Thread 0x00007fe442002800 Implicit null exception at 0x000000010e1fd3c5 to 0x000000010e1fd939
Event: 1.657 Thread 0x00007fe442002800 Implicit null exception at 0x000000010e1e0064 to 0x000000010e1e0291

Events (10 events):
Event: 2.529 loading class sun/awt/AWTAutoShutdown$1
Event: 2.529 loading class sun/awt/AWTAutoShutdown$1 done
Event: 2.529 Thread 0x00007fe441146000 Thread exited: 0x00007fe441146000
Event: 2.539 loading class org/newdawn/slick/Music
Event: 2.539 loading class org/newdawn/slick/Music done
Event: 2.545 loading class org/newdawn/slick/AngelCodeFont$DisplayList
Event: 2.545 loading class org/newdawn/slick/AngelCodeFont$DisplayList done
Event: 4.180 Executing VM operation: EnableBiasedLocking
Event: 4.180 Executing VM operation: EnableBiasedLocking done
Event: 4.540 Thread 0x00007fe44125f800 Thread added: 0x00007fe44125f800


Dynamic libraries:
0x00000000027cb000 	/System/Library/Frameworks/Cocoa.framework/Versions/A/Cocoa
0x00000000027cb000 	/System/Library/Frameworks/Security.framework/Versions/A/Security
0x00000000027cb000 	/System/Library/Frameworks/ApplicationServices.framework/Versions/A/ApplicationServices
0x00000000027cb000 	/usr/lib/libz.1.dylib
0x00000000027cb000 	/usr/lib/libSystem.B.dylib
0x00000000027cb000 	/usr/lib/libobjc.A.dylib
0x00000000027cb000 	/System/Library/Frameworks/CoreFoundation.framework/Versions/A/CoreFoundation
0x00000000027cb000 	/System/Library/Frameworks/Foundation.framework/Versions/C/Foundation
0x00000000027cb000 	/System/Library/Frameworks/AppKit.framework/Versions/C/AppKit
0x00000000027cb000 	/System/Library/Frameworks/CoreData.framework/Versions/A/CoreData
0x00000000027cb000 	/System/Library/PrivateFrameworks/RemoteViewServices.framework/Versions/A/RemoteViewServices
0x00000000027cb000 	/System/Library/PrivateFrameworks/UIFoundation.framework/Versions/A/UIFoundation
0x00000000027cb000 	/System/Library/PrivateFrameworks/DFRFoundation.framework/Versions/A/DFRFoundation
0x00000000027cb000 	/usr/lib/libenergytrace.dylib
0x00000000027cb000 	/System/Library/PrivateFrameworks/SkyLight.framework/Versions/A/SkyLight
0x00000000027cb000 	/System/Library/Frameworks/CoreGraphics.framework/Versions/A/CoreGraphics
0x00000000027cb000 	/usr/lib/libScreenReader.dylib
0x00000000027cb000 	/System/Library/Frameworks/Accelerate.framework/Versions/A/Accelerate
0x00000000027cb000 	/System/Library/Frameworks/IOSurface.framework/Versions/A/IOSurface
0x00000000027cb000 	/System/Library/Frameworks/AudioToolbox.framework/Versions/A/AudioToolbox
0x00000000027cb000 	/System/Library/Frameworks/AudioUnit.framework/Versions/A/AudioUnit
0x00000000027cb000 	/System/Library/PrivateFrameworks/DataDetectorsCore.framework/Versions/A/DataDetectorsCore
0x00000000027cb000 	/System/Library/PrivateFrameworks/DesktopServicesPriv.framework/Versions/A/DesktopServicesPriv
0x00000000027cb000 	/System/Library/Frameworks/Carbon.framework/Versions/A/Frameworks/HIToolbox.framework/Versions/A/HIToolbox
0x00000000027cb000 	/usr/lib/libicucore.A.dylib
0x00000000027cb000 	/System/Library/Frameworks/QuartzCore.framework/Versions/A/QuartzCore
0x00000000027cb000 	/System/Library/Frameworks/Carbon.framework/Versions/A/Frameworks/SpeechRecognition.framework/Versions/A/SpeechRecognition
0x00000000027cb000 	/usr/lib/libauto.dylib
0x00000000027cb000 	/usr/lib/libxml2.2.dylib
0x00000000027cb000 	/System/Library/PrivateFrameworks/CoreUI.framework/Versions/A/CoreUI
0x00000000027cb000 	/System/Library/Frameworks/CoreAudio.framework/Versions/A/CoreAudio
0x00000000027cb000 	/System/Library/Frameworks/DiskArbitration.framework/Versions/A/DiskArbitration
0x00000000027cb000 	/usr/lib/liblangid.dylib
0x00000000027cb000 	/System/Library/PrivateFrameworks/MultitouchSupport.framework/Versions/A/MultitouchSupport
0x00000000027cb000 	/System/Library/Frameworks/IOKit.framework/Versions/A/IOKit
0x00000000027cb000 	/usr/lib/libDiagnosticMessagesClient.dylib
0x00000000027cb000 	/System/Library/Frameworks/CoreServices.framework/Versions/A/CoreServices
0x00000000027cb000 	/System/Library/PrivateFrameworks/PerformanceAnalysis.framework/Versions/A/PerformanceAnalysis
0x00000000027cb000 	/System/Library/PrivateFrameworks/GenerationalStorage.framework/Versions/A/GenerationalStorage
0x00000000027cb000 	/System/Library/Frameworks/OpenGL.framework/Versions/A/OpenGL
0x00000000027cb000 	/System/Library/Frameworks/CoreImage.framework/Versions/A/CoreImage
0x00000000027cb000 	/System/Library/Frameworks/CoreText.framework/Versions/A/CoreText
0x00000000027cb000 	/System/Library/Frameworks/ImageIO.framework/Versions/A/ImageIO
0x00000000027cb000 	/System/Library/PrivateFrameworks/Backup.framework/Versions/A/Backup
0x00000000027cb000 	/usr/lib/libarchive.2.dylib
0x00000000027cb000 	/System/Library/Frameworks/CFNetwork.framework/Versions/A/CFNetwork
0x00000000027cb000 	/System/Library/Frameworks/SystemConfiguration.framework/Versions/A/SystemConfiguration
0x00000000027cb000 	/usr/lib/libCRFSuite.dylib
0x00000000027cb000 	/usr/lib/libc++.1.dylib
0x00000000027cb000 	/usr/lib/libc++abi.dylib
0x00000000027cb000 	/usr/lib/system/libcache.dylib
0x00000000027cb000 	/usr/lib/system/libcommonCrypto.dylib
0x00000000027cb000 	/usr/lib/system/libcompiler_rt.dylib
0x00000000027cb000 	/usr/lib/system/libcopyfile.dylib
0x00000000027cb000 	/usr/lib/system/libcorecrypto.dylib
0x00000000027cb000 	/usr/lib/system/libdispatch.dylib
0x00000000027cb000 	/usr/lib/system/libdyld.dylib
0x00000000027cb000 	/usr/lib/system/libkeymgr.dylib
0x00000000027cb000 	/usr/lib/system/liblaunch.dylib
0x00000000027cb000 	/usr/lib/system/libmacho.dylib
0x00000000027cb000 	/usr/lib/system/libquarantine.dylib
0x00000000027cb000 	/usr/lib/system/libremovefile.dylib
0x00000000027cb000 	/usr/lib/system/libsystem_asl.dylib
0x00000000027cb000 	/usr/lib/system/libsystem_blocks.dylib
0x00000000027cb000 	/usr/lib/system/libsystem_c.dylib
0x00000000027cb000 	/usr/lib/system/libsystem_configuration.dylib
0x00000000027cb000 	/usr/lib/system/libsystem_coreservices.dylib
0x00000000027cb000 	/usr/lib/system/libsystem_coretls.dylib
0x00000000027cb000 	/usr/lib/system/libsystem_dnssd.dylib
0x00000000027cb000 	/usr/lib/system/libsystem_info.dylib
0x00000000027cb000 	/usr/lib/system/libsystem_kernel.dylib
0x00000000027cb000 	/usr/lib/system/libsystem_m.dylib
0x00000000027cb000 	/usr/lib/system/libsystem_malloc.dylib
0x00000000027cb000 	/usr/lib/system/libsystem_network.dylib
0x00000000027cb000 	/usr/lib/system/libsystem_networkextension.dylib
0x00000000027cb000 	/usr/lib/system/libsystem_notify.dylib
0x00000000027cb000 	/usr/lib/system/libsystem_platform.dylib
0x00000000027cb000 	/usr/lib/system/libsystem_pthread.dylib
0x00000000027cb000 	/usr/lib/system/libsystem_sandbox.dylib
0x00000000027cb000 	/usr/lib/system/libsystem_secinit.dylib
0x00000000027cb000 	/usr/lib/system/libsystem_symptoms.dylib
0x00000000027cb000 	/usr/lib/system/libsystem_trace.dylib
0x00000000027cb000 	/usr/lib/system/libunwind.dylib
0x00000000027cb000 	/usr/lib/system/libxpc.dylib
0x00000000027cb000 	/usr/lib/libbsm.0.dylib
0x00000000027cb000 	/usr/lib/system/libkxld.dylib
0x00000000027cb000 	/usr/lib/libcoretls.dylib
0x00000000027cb000 	/usr/lib/libcoretls_cfhelpers.dylib
0x00000000027cb000 	/usr/lib/libxar.1.dylib
0x00000000027cb000 	/usr/lib/libsqlite3.dylib
0x00000000027cb000 	/usr/lib/libpam.2.dylib
0x00000000027cb000 	/usr/lib/libOpenScriptingUtil.dylib
0x00000000027cb000 	/usr/lib/libbz2.1.0.dylib
0x00000000027cb000 	/usr/lib/liblzma.5.dylib
0x00000000027cb000 	/usr/lib/libnetwork.dylib
0x00000000027cb000 	/usr/lib/libpcap.A.dylib
0x00000000027cb000 	/System/Library/Frameworks/CoreServices.framework/Versions/A/Frameworks/FSEvents.framework/Versions/A/FSEvents
0x00000000027cb000 	/System/Library/Frameworks/CoreServices.framework/Versions/A/Frameworks/CarbonCore.framework/Versions/A/CarbonCore
0x00000000027cb000 	/System/Library/Frameworks/CoreServices.framework/Versions/A/Frameworks/Metadata.framework/Versions/A/Metadata
0x00000000027cb000 	/System/Library/Frameworks/CoreServices.framework/Versions/A/Frameworks/OSServices.framework/Versions/A/OSServices
0x00000000027cb000 	/System/Library/Frameworks/CoreServices.framework/Versions/A/Frameworks/SearchKit.framework/Versions/A/SearchKit
0x00000000027cb000 	/System/Library/Frameworks/CoreServices.framework/Versions/A/Frameworks/AE.framework/Versions/A/AE
0x00000000027cb000 	/System/Library/Frameworks/CoreServices.framework/Versions/A/Frameworks/LaunchServices.framework/Versions/A/LaunchServices
0x00000000027cb000 	/System/Library/Frameworks/CoreServices.framework/Versions/A/Frameworks/DictionaryServices.framework/Versions/A/DictionaryServices
0x00000000027cb000 	/System/Library/Frameworks/CoreServices.framework/Versions/A/Frameworks/SharedFileList.framework/Versions/A/SharedFileList
0x00000000027cb000 	/System/Library/Frameworks/NetFS.framework/Versions/A/NetFS
0x00000000027cb000 	/System/Library/PrivateFrameworks/NetAuth.framework/Versions/A/NetAuth
0x00000000027cb000 	/System/Library/PrivateFrameworks/login.framework/Versions/A/Frameworks/loginsupport.framework/Versions/A/loginsupport
0x00000000027cb000 	/System/Library/PrivateFrameworks/TCC.framework/Versions/A/TCC
0x00000000027cb000 	/usr/lib/libmecabra.dylib
0x00000000027cb000 	/System/Library/Frameworks/ApplicationServices.framework/Versions/A/Frameworks/ATS.framework/Versions/A/ATS
0x00000000027cb000 	/System/Library/Frameworks/ApplicationServices.framework/Versions/A/Frameworks/ColorSync.framework/Versions/A/ColorSync
0x00000000027cb000 	/System/Library/Frameworks/ApplicationServices.framework/Versions/A/Frameworks/HIServices.framework/Versions/A/HIServices
0x00000000027cb000 	/System/Library/Frameworks/ApplicationServices.framework/Versions/A/Frameworks/LangAnalysis.framework/Versions/A/LangAnalysis
0x00000000027cb000 	/System/Library/Frameworks/ApplicationServices.framework/Versions/A/Frameworks/PrintCore.framework/Versions/A/PrintCore
0x00000000027cb000 	/System/Library/Frameworks/ApplicationServices.framework/Versions/A/Frameworks/QD.framework/Versions/A/QD
0x00000000027cb000 	/System/Library/Frameworks/ApplicationServices.framework/Versions/A/Frameworks/SpeechSynthesis.framework/Versions/A/SpeechSynthesis
0x00000000027cb000 	/System/Library/Frameworks/Accelerate.framework/Versions/A/Frameworks/vImage.framework/Versions/A/vImage
0x00000000027cb000 	/System/Library/Frameworks/Accelerate.framework/Versions/A/Frameworks/vecLib.framework/Versions/A/vecLib
0x00000000027cb000 	/System/Library/Frameworks/Accelerate.framework/Versions/A/Frameworks/vecLib.framework/Versions/A/libvDSP.dylib
0x00000000027cb000 	/System/Library/Frameworks/Accelerate.framework/Versions/A/Frameworks/vecLib.framework/Versions/A/libBNNS.dylib
0x00000000027cb000 	/System/Library/Frameworks/Accelerate.framework/Versions/A/Frameworks/vecLib.framework/Versions/A/libQuadrature.dylib
0x00000000027cb000 	/System/Library/Frameworks/Accelerate.framework/Versions/A/Frameworks/vecLib.framework/Versions/A/libvMisc.dylib
0x00000000027cb000 	/System/Library/Frameworks/Accelerate.framework/Versions/A/Frameworks/vecLib.framework/Versions/A/libLAPACK.dylib
0x00000000027cb000 	/System/Library/Frameworks/Accelerate.framework/Versions/A/Frameworks/vecLib.framework/Versions/A/libBLAS.dylib
0x00000000027cb000 	/System/Library/Frameworks/Accelerate.framework/Versions/A/Frameworks/vecLib.framework/Versions/A/libLinearAlgebra.dylib
0x00000000027cb000 	/System/Library/Frameworks/Accelerate.framework/Versions/A/Frameworks/vecLib.framework/Versions/A/libSparseBLAS.dylib
0x00000000027cb000 	/System/Library/Frameworks/ApplicationServices.framework/Versions/A/Frameworks/ATS.framework/Versions/A/Resources/libFontParser.dylib
0x00000000027cb000 	/System/Library/Frameworks/ApplicationServices.framework/Versions/A/Frameworks/ATS.framework/Versions/A/Resources/libFontRegistry.dylib
0x00000000027cb000 	/System/Library/Frameworks/ImageIO.framework/Versions/A/Resources/libJPEG.dylib
0x00000000027cb000 	/System/Library/Frameworks/ImageIO.framework/Versions/A/Resources/libTIFF.dylib
0x00000000027cb000 	/System/Library/Frameworks/ImageIO.framework/Versions/A/Resources/libPng.dylib
0x00000000027cb000 	/System/Library/Frameworks/ImageIO.framework/Versions/A/Resources/libGIF.dylib
0x00000000027cb000 	/System/Library/Frameworks/ImageIO.framework/Versions/A/Resources/libJP2.dylib
0x00000000027cb000 	/System/Library/Frameworks/ImageIO.framework/Versions/A/Resources/libRadiance.dylib
0x00000000027cb000 	/usr/lib/libcompression.dylib
0x00000000027cb000 	/System/Library/PrivateFrameworks/AppleJPEG.framework/Versions/A/AppleJPEG
0x00000000027cb000 	/usr/lib/libcups.2.dylib
0x00000000027cb000 	/System/Library/Frameworks/Kerberos.framework/Versions/A/Kerberos
0x00000000027cb000 	/System/Library/Frameworks/GSS.framework/Versions/A/GSS
0x00000000027cb000 	/usr/lib/libresolv.9.dylib
0x00000000027cb000 	/usr/lib/libiconv.2.dylib
0x00000000027cb000 	/System/Library/PrivateFrameworks/Heimdal.framework/Versions/A/Heimdal
0x00000000027cb000 	/usr/lib/libheimdal-asn1.dylib
0x00000000027cb000 	/System/Library/Frameworks/OpenDirectory.framework/Versions/A/OpenDirectory
0x00000000027cb000 	/System/Library/PrivateFrameworks/CommonAuth.framework/Versions/A/CommonAuth
0x00000000027cb000 	/System/Library/Frameworks/OpenDirectory.framework/Versions/A/Frameworks/CFOpenDirectory.framework/Versions/A/CFOpenDirectory
0x00000000027cb000 	/System/Library/Frameworks/SecurityFoundation.framework/Versions/A/SecurityFoundation
0x00000000027cb000 	/System/Library/PrivateFrameworks/LanguageModeling.framework/Versions/A/LanguageModeling
0x00000000027cb000 	/usr/lib/libmarisa.dylib
0x00000000027cb000 	/usr/lib/libChineseTokenizer.dylib
0x00000000027cb000 	/usr/lib/libcmph.dylib
0x00000000027cb000 	/System/Library/PrivateFrameworks/CoreEmoji.framework/Versions/A/CoreEmoji
0x00000000027cb000 	/System/Library/Frameworks/ServiceManagement.framework/Versions/A/ServiceManagement
0x00000000027cb000 	/usr/lib/libxslt.1.dylib
0x00000000027cb000 	/System/Library/Frameworks/Carbon.framework/Versions/A/Frameworks/Ink.framework/Versions/A/Ink
0x00000000027cb000 	/System/Library/PrivateFrameworks/TextureIO.framework/Versions/A/TextureIO
0x00000000027cb000 	/System/Library/Frameworks/Metal.framework/Versions/A/Metal
0x00000000027cb000 	/usr/lib/libate.dylib
0x00000000027cb000 	/System/Library/PrivateFrameworks/GPUCompiler.framework/libmetal_timestamp.dylib
0x00000000027cb000 	/System/Library/Frameworks/OpenGL.framework/Versions/A/Libraries/libCoreFSCache.dylib
0x00000000027cb000 	/System/Library/PrivateFrameworks/IOAccelerator.framework/Versions/A/IOAccelerator
0x00000000027cb000 	/System/Library/Frameworks/CoreVideo.framework/Versions/A/CoreVideo
0x00000000027cb000 	/usr/lib/libFosl_dynamic.dylib
0x00000000027cb000 	/System/Library/PrivateFrameworks/MetalPerformanceShaders.framework/Versions/A/MetalPerformanceShaders
0x00000000027cb000 	/System/Library/PrivateFrameworks/FaceCore.framework/Versions/A/FaceCore
0x00000000027cb000 	/System/Library/Frameworks/OpenCL.framework/Versions/A/OpenCL
0x00000000027cb000 	/System/Library/Frameworks/OpenGL.framework/Versions/A/Libraries/libGLU.dylib
0x00000000027cb000 	/System/Library/Frameworks/OpenGL.framework/Versions/A/Libraries/libGFXShared.dylib
0x00000000027cb000 	/System/Library/Frameworks/OpenGL.framework/Versions/A/Libraries/libGL.dylib
0x00000000027cb000 	/System/Library/Frameworks/OpenGL.framework/Versions/A/Libraries/libGLImage.dylib
0x00000000027cb000 	/System/Library/Frameworks/OpenGL.framework/Versions/A/Libraries/libCVMSPluginSupport.dylib
0x00000000027cb000 	/System/Library/Frameworks/OpenGL.framework/Versions/A/Libraries/libCoreVMClient.dylib
0x00000000027cb000 	/System/Library/PrivateFrameworks/CrashReporterSupport.framework/Versions/A/CrashReporterSupport
0x00000000027cb000 	/System/Library/PrivateFrameworks/Sharing.framework/Versions/A/Sharing
0x00000000027cb000 	/System/Library/PrivateFrameworks/IconServices.framework/Versions/A/IconServices
0x00000000027cb000 	/System/Library/PrivateFrameworks/ProtocolBuffer.framework/Versions/A/ProtocolBuffer
0x00000000027cb000 	/System/Library/PrivateFrameworks/Apple80211.framework/Versions/A/Apple80211
0x00000000027cb000 	/System/Library/Frameworks/CoreWLAN.framework/Versions/A/CoreWLAN
0x00000000027cb000 	/System/Library/PrivateFrameworks/CoreUtils.framework/Versions/A/CoreUtils
0x00000000027cb000 	/System/Library/Frameworks/IOBluetooth.framework/Versions/A/IOBluetooth
0x00000000027cb000 	/System/Library/PrivateFrameworks/CoreWiFi.framework/Versions/A/CoreWiFi
0x00000000027cb000 	/System/Library/Frameworks/CoreBluetooth.framework/Versions/A/CoreBluetooth
0x00000000027cb000 	/System/Library/Frameworks/CoreDisplay.framework/Versions/A/CoreDisplay
0x00000000027cb000 	/System/Library/PrivateFrameworks/IOPresentment.framework/Versions/A/IOPresentment
0x00000000027cb000 	/System/Library/PrivateFrameworks/DebugSymbols.framework/Versions/A/DebugSymbols
0x00000000027cb000 	/System/Library/PrivateFrameworks/CoreSymbolication.framework/Versions/A/CoreSymbolication
0x00000000027cb000 	/System/Library/PrivateFrameworks/Symbolication.framework/Versions/A/Symbolication
0x00000000027cb000 	/System/Library/PrivateFrameworks/AppleFSCompression.framework/Versions/A/AppleFSCompression
0x00000000027cb000 	/System/Library/PrivateFrameworks/SpeechRecognitionCore.framework/Versions/A/SpeechRecognitionCore
0x00000000027cb000 	/System/Library/PrivateFrameworks/ChunkingLibrary.framework/Versions/A/ChunkingLibrary
0x000000010c400000 	/Library/Java/JavaVirtualMachines/jdk1.8.0_121.jdk/Contents/Home/jre/lib/server/libjvm.dylib
0x00000000027cb000 	/usr/lib/libstdc++.6.dylib
0x000000010bae3000 	/Library/Java/JavaVirtualMachines/jdk1.8.0_121.jdk/Contents/Home/jre/lib/libverify.dylib
0x000000010baf1000 	/Library/Java/JavaVirtualMachines/jdk1.8.0_121.jdk/Contents/Home/jre/lib/libjava.dylib
0x000000010bb30000 	/Library/Java/JavaVirtualMachines/jdk1.8.0_121.jdk/Contents/Home/jre/lib/libzip.dylib
0x000000012077a000 	/System/Library/Frameworks/JavaVM.framework/Frameworks/JavaRuntimeSupport.framework/JavaRuntimeSupport
0x0000000120794000 	/System/Library/Frameworks/JavaVM.framework/Versions/A/Frameworks/JavaNativeFoundation.framework/Versions/A/JavaNativeFoundation
0x000000010bbf1000 	/System/Library/Frameworks/JavaVM.framework/Versions/A/JavaVM
0x00000000027cb000 	/System/Library/Frameworks/Carbon.framework/Versions/A/Carbon
0x00000001207a9000 	/System/Library/PrivateFrameworks/JavaLaunching.framework/Versions/A/JavaLaunching
0x00000000027cb000 	/System/Library/Frameworks/Carbon.framework/Versions/A/Frameworks/CommonPanels.framework/Versions/A/CommonPanels
0x00000000027cb000 	/System/Library/Frameworks/Carbon.framework/Versions/A/Frameworks/Help.framework/Versions/A/Help
0x00000000027cb000 	/System/Library/Frameworks/Carbon.framework/Versions/A/Frameworks/ImageCapture.framework/Versions/A/ImageCapture
0x00000000027cb000 	/System/Library/Frameworks/Carbon.framework/Versions/A/Frameworks/OpenScripting.framework/Versions/A/OpenScripting
0x00000000027cb000 	/System/Library/Frameworks/Carbon.framework/Versions/A/Frameworks/Print.framework/Versions/A/Print
0x00000000027cb000 	/System/Library/Frameworks/Carbon.framework/Versions/A/Frameworks/SecurityHI.framework/Versions/A/SecurityHI
0x00000001220c7000 	/Library/Java/JavaVirtualMachines/jdk1.8.0_121.jdk/Contents/Home/jre/lib/libawt.dylib
0x000000012216f000 	/Library/Java/JavaVirtualMachines/jdk1.8.0_121.jdk/Contents/Home/jre/lib/./libmlib_image.dylib
0x000000012223b000 	/Library/Java/JavaVirtualMachines/jdk1.8.0_121.jdk/Contents/Home/jre/lib/libawt_lwawt.dylib
0x00000001222f2000 	/Library/Java/JavaVirtualMachines/jdk1.8.0_121.jdk/Contents/Home/jre/lib/./libosxapp.dylib
0x00000000027cb000 	/System/Library/Frameworks/ExceptionHandling.framework/Versions/A/ExceptionHandling
0x00000000027cb000 	/System/Library/PrivateFrameworks/CoreServicesInternal.framework/Versions/A/CoreServicesInternal
0x00000000027cb000 	/System/Library/CoreServices/RawCamera.bundle/Contents/MacOS/RawCamera
0x00000000027cb000 	/System/Library/Frameworks/Accelerate.framework/Versions/A/Frameworks/vImage.framework/Versions/A/Libraries/libCGInterfaces.dylib
0x00000000027cb000 	/System/Library/Frameworks/ApplicationServices.framework/Versions/A/Frameworks/ATS.framework/Versions/A/Resources/libTrueTypeScaler.dylib
0x00000000027cb000 	/System/Library/Frameworks/OpenGL.framework/Versions/A/Resources/GLEngine.bundle/GLEngine
0x00000000027cb000 	/System/Library/Frameworks/OpenGL.framework/Versions/A/Libraries/libGLProgrammability.dylib
0x0000000123c79000 	/System/Library/Extensions/AppleIntelBDWGraphicsGLDriver.bundle/Contents/MacOS/AppleIntelBDWGraphicsGLDriver
0x00000000027cb000 	/System/Library/PrivateFrameworks/GPUSupport.framework/Versions/A/Libraries/libGPUSupportMercury.dylib
0x00000000027cb000 	/System/Library/Frameworks/OpenGL.framework/Versions/A/Resources/GLRendererFloat.bundle/GLRendererFloat
0x00000000027cb000 	/System/Library/Frameworks/OpenCL.framework/Versions/A/Libraries/libcldcpuengine.dylib
0x00000000027cb000 	/usr/lib/libcrypto.0.9.8.dylib
0x00000000027cb000 	/System/Library/PrivateFrameworks/TrustEvaluationAgent.framework/Versions/A/TrustEvaluationAgent
0x00000001243d5000 	/System/Library/Extensions/AppleIntelBDWGraphicsMTLDriver.bundle/Contents/MacOS/AppleIntelBDWGraphicsMTLDriver
0x00000000027cb000 	/System/Library/PrivateFrameworks/FamilyControls.framework/Versions/A/FamilyControls
0x00000000027cb000 	/System/Library/PrivateFrameworks/CommerceKit.framework/Versions/A/Frameworks/CommerceCore.framework/Versions/A/CommerceCore
0x00000000027cb000 	/System/Library/PrivateFrameworks/SystemAdministration.framework/Versions/A/SystemAdministration
0x00000000027cb000 	/System/Library/PrivateFrameworks/AppContainer.framework/Versions/A/AppContainer
0x00000000027cb000 	/System/Library/PrivateFrameworks/SecCodeWrapper.framework/Versions/A/SecCodeWrapper
0x00000000027cb000 	/System/Library/Frameworks/DirectoryService.framework/Versions/A/DirectoryService
0x00000000027cb000 	/System/Library/PrivateFrameworks/DiskImages.framework/Versions/A/DiskImages
0x00000000027cb000 	/System/Library/PrivateFrameworks/LoginUIKit.framework/Versions/A/Frameworks/LoginUICore.framework/Versions/A/LoginUICore
0x00000000027cb000 	/usr/lib/libCoreStorage.dylib
0x00000000027cb000 	/usr/lib/libcsfde.dylib
0x00000000027cb000 	/usr/lib/libodfde.dylib
0x00000000027cb000 	/System/Library/Frameworks/DiscRecording.framework/Versions/A/DiscRecording
0x00000000027cb000 	/usr/lib/libcurl.4.dylib
0x00000000027cb000 	/System/Library/PrivateFrameworks/MediaKit.framework/Versions/A/MediaKit
0x00000000027cb000 	/System/Library/PrivateFrameworks/ProtectedCloudStorage.framework/Versions/A/ProtectedCloudStorage
0x00000000027cb000 	/System/Library/PrivateFrameworks/EFILogin.framework/Versions/A/EFILogin
0x00000000027cb000 	/usr/lib/libutil.dylib
0x00000000027cb000 	/System/Library/Frameworks/LDAP.framework/Versions/A/LDAP
0x00000000027cb000 	/usr/lib/libsasl2.2.dylib
0x00000000027cb000 	/System/Library/PrivateFrameworks/CoreDaemon.framework/Versions/B/CoreDaemon
0x00000000027cb000 	/System/Library/PrivateFrameworks/AppleSRP.framework/Versions/A/AppleSRP
0x00000000027cb000 	/System/Library/PrivateFrameworks/APFS.framework/Versions/A/APFS
0x000000012582c000 	/Library/Java/JavaVirtualMachines/jdk1.8.0_121.jdk/Contents/Home/jre/lib/libfontmanager.dylib
0x0000000125893000 	/Users/riyu20/Documents/workspace/Game/lib/natives/macosx/liblwjgl.dylib
0x0000000122640000 	/Library/Java/JavaVirtualMachines/jdk1.8.0_121.jdk/Contents/Home/jre/lib/libjawt.dylib
0x00000000027cb000 	/System/Library/PrivateFrameworks/ViewBridge.framework/Versions/A/ViewBridge
0x00000000027cb000 	/System/Library/PrivateFrameworks/XPCService.framework/Versions/A/XPCService
0x00000000027cb000 	/System/Library/PrivateFrameworks/AppSandbox.framework/Versions/A/AppSandbox
0x00000000027cb000 	/usr/lib/libsandbox.1.dylib
0x00000000027cb000 	/usr/lib/libMatch.1.dylib
0x0000000126349000 	/Library/Java/JavaVirtualMachines/jdk1.8.0_121.jdk/Contents/Home/jre/lib/libnio.dylib
0x0000000126359000 	/Library/Java/JavaVirtualMachines/jdk1.8.0_121.jdk/Contents/Home/jre/lib/./libnet.dylib
0x0000000126370000 	/Library/Java/JavaVirtualMachines/jdk1.8.0_121.jdk/Contents/Home/jre/lib/libjpeg.dylib

VM Arguments:
jvm_args: -Djava.library.path=/Users/riyu20/Documents/workspace/Game/lib/natives/macosx -Dfile.encoding=UTF-8 
java_command: javagame.Game
java_class_path (initial): /Users/riyu20/Documents/workspace/Game/bin:/Users/riyu20/Documents/workspace/Game/lib/jars/lwjgl.jar:/Users/riyu20/Documents/workspace/Game/lib/jars/slick.jar
Launcher Type: SUN_STANDARD

Environment Variables:
PATH=/usr/bin:/bin:/usr/sbin:/sbin
SHELL=/bin/bash

Signal Handlers:
SIGSEGV: [libjvm.dylib+0x5b1141], sa_mask[0]=11111111011111110111111111111111, sa_flags=SA_ONSTACK|SA_RESTART|SA_SIGINFO
SIGBUS: [libjvm.dylib+0x5b1141], sa_mask[0]=11111111011111110111111111111111, sa_flags=SA_RESTART|SA_SIGINFO
SIGFPE: [libjvm.dylib+0x487bc4], sa_mask[0]=11111111011111110111111111111111, sa_flags=SA_RESTART|SA_SIGINFO
SIGPIPE: [libjvm.dylib+0x487bc4], sa_mask[0]=11111111011111110111111111111111, sa_flags=SA_RESTART|SA_SIGINFO
SIGXFSZ: [libjvm.dylib+0x487bc4], sa_mask[0]=11111111011111110111111111111111, sa_flags=SA_RESTART|SA_SIGINFO
SIGILL: [libjvm.dylib+0x487bc4], sa_mask[0]=11111111011111110111111111111111, sa_flags=SA_RESTART|SA_SIGINFO
SIGUSR1: SIG_DFL, sa_mask[0]=00000000000000000000000000000000, sa_flags=none
SIGUSR2: [libjvm.dylib+0x4876e2], sa_mask[0]=00100000000000000000000000000000, sa_flags=SA_RESTART|SA_SIGINFO
SIGHUP: [libjvm.dylib+0x485cb9], sa_mask[0]=11111111011111110111111111111111, sa_flags=SA_RESTART|SA_SIGINFO
SIGINT: [libjvm.dylib+0x485cb9], sa_mask[0]=11111111011111110111111111111111, sa_flags=SA_RESTART|SA_SIGINFO
SIGTERM: [libjvm.dylib+0x485cb9], sa_mask[0]=11111111011111110111111111111111, sa_flags=SA_RESTART|SA_SIGINFO
SIGQUIT: [libjvm.dylib+0x485cb9], sa_mask[0]=11111111011111110111111111111111, sa_flags=SA_RESTART|SA_SIGINFO


---------------  S Y S T E M  ---------------

OS:Bsduname:Darwin 16.3.0 Darwin Kernel Version 16.3.0: Thu Nov 17 20:23:58 PST 2016; root:xnu-3789.31.2~1/RELEASE_X86_64 x86_64
rlimit: STACK 8192k, CORE 0k, NPROC 709, NOFILE 10240, AS infinity
load average:3.50 4.27 5.16

CPU:total 4 (2 cores per cpu, 2 threads per core) family 6 model 61 stepping 4, cmov, cx8, fxsr, mmx, sse, sse2, sse3, ssse3, sse4.1, sse4.2, popcnt, avx, avx2, aes, clmul, erms, 3dnowpref, lzcnt, ht, tsc, tscinvbit, bmi1, bmi2, adx

Memory: 4k page, physical 4194304k(67200k free)

/proc/meminfo:


vm_info: Java HotSpot(TM) 64-Bit Server VM (25.121-b13) for bsd-amd64 JRE (1.8.0_121-b13), built on Dec 12 2016 20:39:32 by "java_re" with gcc 4.2.1 (Based on Apple Inc. build 5658) (LLVM build 2336.11.00)

time: Thu Mar 16 19:36:21 2017
elapsed time: 5 seconds (0d 0h 0m 5s)

