#
# A fatal error has been detected by the Java Runtime Environment:
#
#  SIGSEGV (0xb) at pc=0x00007fff8c7e77d8, pid=41066, tid=0x0000000000000307
#
# JRE version: Java(TM) SE Runtime Environment (8.0_121-b13) (build 1.8.0_121-b13)
# Java VM: Java HotSpot(TM) 64-Bit Server VM (25.121-b13 mixed mode bsd-amd64 compressed oops)
# Problematic frame:
# C  [libobjc.A.dylib+0xb7d8]  objc_storeWeak+0x16e
#
# Failed to write core dump. Core dumps have been disabled. To enable core dumping, try "ulimit -c unlimited" before starting Java again
#
# If you would like to submit a bug report, please visit:
#   http://bugreport.java.com/bugreport/crash.jsp
# The crash happened outside the Java Virtual Machine in native code.
# See problematic frame for where to report the bug.
#

---------------  T H R E A D  ---------------

Current thread (0x00007faa600b9000):  JavaThread "AppKit Thread" daemon [_thread_in_native, id=775, stack(0x00007fff5c6a4000,0x00007fff5cea4000)]

siginfo: si_signo: 11 (SIGSEGV), si_code: 1 (SEGV_MAPERR), si_addr: 0x0000000000000000

Registers:
RAX=0x00007faa5f808c00, RBX=0x00007fff95e70480, RCX=0x0000000000000000, RDX=0x00007ffffffffff8
RSP=0x00007fff5ce9e700, RBP=0x00007fff5ce9e780, RSI=0x00007faa5f809000, RDI=0x00007fff95e70480
R8 =0x000000000000003f, R9 =0x00007faa5f547270, R10=0x0000000000000030, R11=0x00007faa5f802500
R12=0x00007fff95e71040, R13=0x0000000000000000, R14=0x00007faa5f437d10, R15=0x0000000000000000
RIP=0x00007fff8c7e77d8, EFLAGS=0x0000000000010206, ERR=0x0000000000000004
  TRAPNO=0x000000000000000e

Top of Stack: (sp=0x00007fff5ce9e700)
0x00007fff5ce9e700:   0000000000000000 00007faa5f44e888
0x00007fff5ce9e710:   ffff8055a0ab8d90 0000000000000bc0
0x00007fff5ce9e720:   00007fff95db75f0 0000000000000000
0x00007fff5ce9e730:   00007fff95e71040 00007faa5f437d10
0x00007fff5ce9e740:   0000000000000000 00007faa5f498558
0x00007fff5ce9e750:   000000000000000b 00007faa5f547270
0x00007fff5ce9e760:   0000000000000000 00007faa5f547270
0x00007fff5ce9e770:   00007faa5f48ed70 00007faa5f437d10
0x00007fff5ce9e780:   00007fff5ce9e7c0 00007fff79585e8f
0x00007fff5ce9e790:   00007fff5ce9e7c0 0000000000000000
0x00007fff5ce9e7a0:   00007faa5f437d10 00007fff762ea89b
0x00007fff5ce9e7b0:   00007faa5f547270 00007fff8c7e2b40
0x00007fff5ce9e7c0:   00007fff5ce9e7f0 00007fff759893bf
0x00007fff5ce9e7d0:   00007fff8c7e2b40 00007fff5ce9e878
0x00007fff5ce9e7e0:   00007fff7632e006 00007fff8c7e2b40
0x00007fff5ce9e7f0:   00007fff5ce9e830 00007fff75d5679f
0x00007fff5ce9e800:   0000000000000000 0000000000000000
0x00007fff5ce9e810:   0000000000000094 00007fff76310a23
0x00007fff5ce9e820:   00007fff5ce9e878 0000000000000001
0x00007fff5ce9e830:   00007fff5ce9e860 00007fff757e0ddc
0x00007fff5ce9e840:   0000000000000000 00007faa5f437d10
0x00007fff5ce9e850:   00007faa5f547270 0000000000000000
0x00007fff5ce9e860:   00007fff5ce9e8c0 00007fff759891fc
0x00007fff5ce9e870:   0000000000000000 00007fff95f00060
0x00007fff5ce9e880:   00000000c2000000 00007fff75d566b0
0x00007fff5ce9e890:   00007fff920a3cd0 0000000000000000
0x00007fff5ce9e8a0:   00007faa5f437d10 00007faa5f547270
0x00007fff5ce9e8b0:   00007faa5f547270 00007faa5f437d10
0x00007fff5ce9e8c0:   00007fff5ce9e8f0 000000011cb9a586
0x00007fff5ce9e8d0:   00007faa5f547270 000000011cbcec60
0x00007fff5ce9e8e0:   00007faa5f528f40 00007faa5f528f40
0x00007fff5ce9e8f0:   00007fff5ce9ee60 00007fff75803f0b 

Instructions: (pc=0x00007fff8c7e77d8)
0x00007fff8c7e77b8:   eb 07 48 8b 45 a0 48 8b 30 48 8b 45 c0 48 39 c6
0x00007fff8c7e77c8:   74 2a 48 8b 46 20 48 89 c1 48 21 d1 48 8b 49 08
0x00007fff8c7e77d8:   f6 01 01 75 0a 48 8b 06 48 21 d0 48 8b 40 20 48
0x00007fff8c7e77e8:   21 d0 f6 40 03 20 0f 84 f8 fe ff ff 49 c1 e5 06 

Register to memory mapping:

RAX=0x00007faa5f808c00 is an unknown value
RBX=0x00007fff95e70480: _ZN12_GLOBAL__N_1L12SideTableBufE+0 in /usr/lib/libobjc.A.dylib at 0x00007fff8c7dc000
RCX=0x0000000000000000 is an unknown value
RDX=0x00007ffffffffff8 is an unknown value
RSP=0x00007fff5ce9e700 is pointing into the stack for thread: 0x00007faa600b9000
RBP=0x00007fff5ce9e780 is pointing into the stack for thread: 0x00007faa600b9000
RSI=0x00007faa5f809000 is a thread
RDI=0x00007fff95e70480: _ZN12_GLOBAL__N_1L12SideTableBufE+0 in /usr/lib/libobjc.A.dylib at 0x00007fff8c7dc000
R8 =0x000000000000003f is an unknown value
R9 =0x00007faa5f547270 is an unknown value
R10=0x0000000000000030 is an unknown value
R11=0x00007faa5f802500 is an unknown value
R12=0x00007fff95e71040: _ZN12_GLOBAL__N_1L12SideTableBufE+0xbc0 in /usr/lib/libobjc.A.dylib at 0x00007fff8c7dc000
R13=0x0000000000000000 is an unknown value
R14=0x00007faa5f437d10 is an unknown value
R15=0x0000000000000000 is an unknown value


Stack: [0x00007fff5c6a4000,0x00007fff5cea4000],  sp=0x00007fff5ce9e700,  free space=8169k
Native frames: (J=compiled Java code, j=interpreted, Vv=VM code, C=native code)
C  [libobjc.A.dylib+0xb7d8]  objc_storeWeak+0x16e
C  [Foundation+0x17e8f]  -[NSConcreteMapTable setObject:forKey:]+0x6a
C  [AppKit+0x3223bf]  -[NSView(NSOpenGLContextAssociation) _setOpenGLContext:]+0x9b
C  [AppKit+0x6ef79f]  __27-[NSOpenGLContext setView:]_block_invoke+0xef
C  [AppKit+0x179ddc]  NSPerformVisuallyAtomicChange+0x93
C  [AppKit+0x3221fc]  -[NSOpenGLContext setView:]+0x69
C  [liblwjgl.dylib+0xa586]  -[MacOSXOpenGLView lockFocus]+0x76
C  [AppKit+0x19cf0b]  -[NSView _recursiveDisplayRectIfNeededIgnoringOpacity:isVisibleRect:rectIsVisibleRectForView:topView:]+0x6ee
C  [AppKit+0x19d761]  -[NSView _recursiveDisplayRectIfNeededIgnoringOpacity:isVisibleRect:rectIsVisibleRectForView:topView:]+0xf44
C  [AppKit+0x19c33f]  -[NSThemeFrame _recursiveDisplayRectIfNeededIgnoringOpacity:isVisibleRect:rectIsVisibleRectForView:topView:]+0x14e
C  [AppKit+0x19a768]  -[NSView _displayRectIgnoringOpacity:isVisibleRect:rectIsVisibleRectForView:]+0x994
C  [AppKit+0x196055]  -[NSView displayIfNeeded]+0x6d4
C  [AppKit+0x195967]  -[NSWindow displayIfNeeded]+0xe6
C  [AppKit+0x8f43f3]  ___NSWindowGetDisplayCycleObserver_block_invoke.6228+0x115
C  [AppKit+0x195445]  __37+[NSDisplayCycle currentDisplayCycle]_block_invoke+0x1c6
C  [QuartzCore+0x11a96]  _ZN2CA11Transaction19run_commit_handlersE18CATransactionPhase+0x2e
C  [QuartzCore+0x119800]  _ZN2CA7Context18commit_transactionEPNS_11TransactionE+0xa0
C  [QuartzCore+0x10631]  _ZN2CA11Transaction6commitEv+0x1db
C  [AppKit+0x478445]  __37+[NSDisplayCycle currentDisplayCycle]_block_invoke.31+0x143
C  [CoreFoundation+0xa7397]  __CFRUNLOOP_IS_CALLING_OUT_TO_AN_OBSERVER_CALLBACK_FUNCTION__+0x17
C  [CoreFoundation+0xa7307]  __CFRunLoopDoObservers+0x187
C  [CoreFoundation+0x87f39]  __CFRunLoopRun+0x369
C  [CoreFoundation+0x87974]  CFRunLoopRunSpecific+0x1a4
C  [HIToolbox+0x30acc]  RunCurrentEventLoopInMode+0xf0
C  [HIToolbox+0x30809]  ReceiveNextEventCommon+0xb8
C  [HIToolbox+0x30736]  _BlockUntilNextEventMatchingListInModeWithFilter+0x47
C  [AppKit+0x46ae4]  _DPSNextEvent+0x460
C  [AppKit+0x7c121f]  -[NSApplication(NSEvent) _nextEventMatchingEventMask:untilDate:inMode:dequeue:]+0xae5
C  [libosxapp.dylib+0x23aa]  -[NSApplicationAWT nextEventMatchingMask:untilDate:inMode:dequeue:]+0x7c
C  [AppKit+0x3b465]  -[NSApplication run]+0x39e
C  [libosxapp.dylib+0x214d]  +[NSApplicationAWT runAWTLoopWithApp:]+0x9c
C  [libawt_lwawt.dylib+0x45ff7]  -[AWTStarter starter:]+0x389
C  [Foundation+0x7188a]  __NSThreadPerformPerform+0x146
C  [CoreFoundation+0xa7981]  __CFRUNLOOP_IS_CALLING_OUT_TO_A_SOURCE0_PERFORM_FUNCTION__+0x11
C  [CoreFoundation+0x88a7d]  __CFRunLoopDoSources0+0x22d
C  [CoreFoundation+0x87f76]  __CFRunLoopRun+0x3a6
C  [CoreFoundation+0x87974]  CFRunLoopRunSpecific+0x1a4
C  [java+0x6465]  CreateExecutionEnvironment+0x367
C  [java+0x218c]  JLI_Launch+0x7a0
C  [java+0x84c2]  main+0x65
C  [java+0x19e4]  start+0x34
C  0x0000000000000006


---------------  P R O C E S S  ---------------

Java Threads: ( => current thread )
  0x00007faa6018d800 JavaThread "Java2D Queue Flusher" daemon [_thread_blocked, id=63495, stack(0x000070000d3d9000,0x000070000d4d9000)]
  0x00007faa60984800 JavaThread "Java2D Disposer" daemon [_thread_blocked, id=62995, stack(0x000070000d2d6000,0x000070000d3d6000)]
  0x00007faa611de800 JavaThread "AWT-Shutdown" [_thread_blocked, id=29983, stack(0x000070000cec1000,0x000070000cfc1000)]
=>0x00007faa600b9000 JavaThread "AppKit Thread" daemon [_thread_in_native, id=775, stack(0x00007fff5c6a4000,0x00007fff5cea4000)]
  0x00007faa60045800 JavaThread "Service Thread" daemon [_thread_blocked, id=18691, stack(0x000070000ccbb000,0x000070000cdbb000)]
  0x00007faa60808000 JavaThread "C1 CompilerThread2" daemon [_thread_blocked, id=18179, stack(0x000070000cbb8000,0x000070000ccb8000)]
  0x00007faa5f83d000 JavaThread "C2 CompilerThread1" daemon [_thread_blocked, id=17667, stack(0x000070000cab5000,0x000070000cbb5000)]
  0x00007faa60044000 JavaThread "C2 CompilerThread0" daemon [_thread_blocked, id=17155, stack(0x000070000c9b2000,0x000070000cab2000)]
  0x00007faa60043000 JavaThread "Signal Dispatcher" daemon [_thread_blocked, id=16643, stack(0x000070000c8af000,0x000070000c9af000)]
  0x00007faa60807000 JavaThread "Finalizer" daemon [_thread_blocked, id=12291, stack(0x000070000c729000,0x000070000c829000)]
  0x00007faa61011000 JavaThread "Reference Handler" daemon [_thread_blocked, id=11779, stack(0x000070000c626000,0x000070000c726000)]
  0x00007faa5f809000 JavaThread "main" [_thread_in_native, id=6915, stack(0x000070000c014000,0x000070000c114000)]

Other Threads:
  0x00007faa5f82f000 VMThread [stack: 0x000070000c523000,0x000070000c623000] [id=11267]
  0x00007faa5f83e000 WatcherThread [stack: 0x000070000cdbe000,0x000070000cebe000] [id=19203]

VM state:not at safepoint (normal execution)

VM Mutex/Monitor currently owned by a thread: None

Heap:
 PSYoungGen      total 58368K, used 13763K [0x00000007aab00000, 0x00000007aee80000, 0x00000007c0000000)
  eden space 50688K, 16% used [0x00000007aab00000,0x00000007ab307a78,0x00000007adc80000)
  from space 7680K, 72% used [0x00000007ae700000,0x00000007aec694d8,0x00000007aee80000)
  to   space 9216K, 0% used [0x00000007adc80000,0x00000007adc80000,0x00000007ae580000)
 ParOldGen       total 81920K, used 19276K [0x0000000780000000, 0x0000000785000000, 0x00000007aab00000)
  object space 81920K, 23% used [0x0000000780000000,0x00000007812d3150,0x0000000785000000)
 Metaspace       used 9366K, capacity 9525K, committed 9856K, reserved 1058816K
  class space    used 1006K, capacity 1053K, committed 1152K, reserved 1048576K

Card table byte_map: [0x0000000104997000,0x0000000104b98000] byte_map_base: 0x0000000100d97000

Marking Bits: (ParMarkBitMap*) 0x0000000103ef0d30
 Begin Bits: [0x0000000104cee000, 0x0000000105cee000)
 End Bits:   [0x0000000105cee000, 0x0000000106cee000)

Polling page: 0x0000000102de7000

CodeCache: size=245760Kb used=2984Kb max_used=2984Kb free=242775Kb
 bounds [0x000000010b277000, 0x000000010b567000, 0x000000011a277000]
 total_blobs=1197 nmethods=691 adapters=420
 compilation: enabled

Compilation events (10 events):
Event: 3.889 Thread 0x00007faa60808000  686       3       org.newdawn.slick.opengl.renderer.ImmediateModeOGLRenderer::glColor4f (47 bytes)
Event: 3.890 Thread 0x00007faa60808000 nmethod 686 0x000000010b560210 code [0x000000010b560400, 0x000000010b560c78]
Event: 3.913 Thread 0x00007faa60808000  687   !   3       org.lwjgl.input.Mouse::isGrabbed (17 bytes)
Event: 3.913 Thread 0x00007faa60808000 nmethod 687 0x000000010b561310 code [0x000000010b561480, 0x000000010b5616f0]
Event: 3.928 Thread 0x00007faa60808000  688       3       org.newdawn.slick.Graphics::predraw (5 bytes)
Event: 3.929 Thread 0x00007faa60808000 nmethod 688 0x000000010b5617d0 code [0x000000010b561960, 0x000000010b561cb0]
Event: 3.929 Thread 0x00007faa60808000  689       3       org.newdawn.slick.Graphics::setCurrent (30 bytes)
Event: 3.929 Thread 0x00007faa60808000 nmethod 689 0x000000010b561e10 code [0x000000010b561f80, 0x000000010b562250]
Event: 3.929 Thread 0x00007faa60808000  690       3       org.newdawn.slick.Graphics::postdraw (1 bytes)
Event: 3.929 Thread 0x00007faa60808000 nmethod 690 0x000000010b562390 code [0x000000010b5624e0, 0x000000010b562630]

GC Heap History (10 events):
Event: 2.613 GC heap before
{Heap before GC invocations=4 (full 1):
 PSYoungGen      total 18944K, used 16384K [0x00000007aab00000, 0x00000007ad000000, 0x00000007c0000000)
  eden space 16384K, 100% used [0x00000007aab00000,0x00000007abb00000,0x00000007abb00000)
  from space 2560K, 0% used [0x00000007abd80000,0x00000007abd80000,0x00000007ac000000)
  to   space 2560K, 0% used [0x00000007abb00000,0x00000007abb00000,0x00000007abd80000)
 ParOldGen       total 54272K, used 10825K [0x0000000780000000, 0x0000000783500000, 0x00000007aab00000)
  object space 54272K, 19% used [0x0000000780000000,0x0000000780a92770,0x0000000783500000)
 Metaspace       used 9286K, capacity 9397K, committed 9600K, reserved 1058816K
  class space    used 1002K, capacity 1053K, committed 1152K, reserved 1048576K
Event: 2.618 GC heap after
Heap after GC invocations=4 (full 1):
 PSYoungGen      total 18944K, used 128K [0x00000007aab00000, 0x00000007acd80000, 0x00000007c0000000)
  eden space 16384K, 0% used [0x00000007aab00000,0x00000007aab00000,0x00000007abb00000)
  from space 2560K, 5% used [0x00000007abb00000,0x00000007abb20000,0x00000007abd80000)
  to   space 2560K, 0% used [0x00000007acb00000,0x00000007acb00000,0x00000007acd80000)
 ParOldGen       total 54272K, used 27778K [0x0000000780000000, 0x0000000783500000, 0x00000007aab00000)
  object space 54272K, 51% used [0x0000000780000000,0x0000000781b20b10,0x0000000783500000)
 Metaspace       used 9286K, capacity 9397K, committed 9600K, reserved 1058816K
  class space    used 1002K, capacity 1053K, committed 1152K, reserved 1048576K
}
Event: 2.865 GC heap before
{Heap before GC invocations=5 (full 1):
 PSYoungGen      total 18944K, used 13531K [0x00000007aab00000, 0x00000007acd80000, 0x00000007c0000000)
  eden space 16384K, 81% used [0x00000007aab00000,0x00000007ab816ff0,0x00000007abb00000)
  from space 2560K, 5% used [0x00000007abb00000,0x00000007abb20000,0x00000007abd80000)
  to   space 2560K, 0% used [0x00000007acb00000,0x00000007acb00000,0x00000007acd80000)
 ParOldGen       total 54272K, used 27778K [0x0000000780000000, 0x0000000783500000, 0x00000007aab00000)
  object space 54272K, 51% used [0x0000000780000000,0x0000000781b20b10,0x0000000783500000)
 Metaspace       used 9311K, capacity 9461K, committed 9600K, reserved 1058816K
  class space    used 1004K, capacity 1053K, committed 1152K, reserved 1048576K
Event: 2.866 GC heap after
Heap after GC invocations=5 (full 1):
 PSYoungGen      total 31744K, used 128K [0x00000007aab00000, 0x00000007acd00000, 0x00000007c0000000)
  eden space 29696K, 0% used [0x00000007aab00000,0x00000007aab00000,0x00000007ac800000)
  from space 2048K, 6% used [0x00000007acb00000,0x00000007acb20000,0x00000007acd00000)
  to   space 2560K, 0% used [0x00000007ac800000,0x00000007ac800000,0x00000007aca80000)
 ParOldGen       total 54272K, used 27778K [0x0000000780000000, 0x0000000783500000, 0x00000007aab00000)
  object space 54272K, 51% used [0x0000000780000000,0x0000000781b20b10,0x0000000783500000)
 Metaspace       used 9311K, capacity 9461K, committed 9600K, reserved 1058816K
  class space    used 1004K, capacity 1053K, committed 1152K, reserved 1048576K
}
Event: 3.409 GC heap before
{Heap before GC invocations=6 (full 1):
 PSYoungGen      total 31744K, used 29824K [0x00000007aab00000, 0x00000007acd00000, 0x00000007c0000000)
  eden space 29696K, 100% used [0x00000007aab00000,0x00000007ac800000,0x00000007ac800000)
  from space 2048K, 6% used [0x00000007acb00000,0x00000007acb20000,0x00000007acd00000)
  to   space 2560K, 0% used [0x00000007ac800000,0x00000007ac800000,0x00000007aca80000)
 ParOldGen       total 54272K, used 27778K [0x0000000780000000, 0x0000000783500000, 0x00000007aab00000)
  object space 54272K, 51% used [0x0000000780000000,0x0000000781b20b10,0x0000000783500000)
 Metaspace       used 9314K, capacity 9461K, committed 9600K, reserved 1058816K
  class space    used 1004K, capacity 1053K, committed 1152K, reserved 1048576K
Event: 3.449 GC heap after
Heap after GC invocations=6 (full 1):
 PSYoungGen      total 32256K, used 160K [0x00000007aab00000, 0x00000007aee80000, 0x00000007c0000000)
  eden space 29696K, 0% used [0x00000007aab00000,0x00000007aab00000,0x00000007ac800000)
  from space 2560K, 6% used [0x00000007ac800000,0x00000007ac828000,0x00000007aca80000)
  to   space 7680K, 0% used [0x00000007ae700000,0x00000007ae700000,0x00000007aee80000)
 ParOldGen       total 68096K, used 66086K [0x0000000780000000, 0x0000000784280000, 0x00000007aab00000)
  object space 68096K, 97% used [0x0000000780000000,0x0000000784089bd0,0x0000000784280000)
 Metaspace       used 9314K, capacity 9461K, committed 9600K, reserved 1058816K
  class space    used 1004K, capacity 1053K, committed 1152K, reserved 1048576K
}
Event: 3.449 GC heap before
{Heap before GC invocations=7 (full 2):
 PSYoungGen      total 32256K, used 160K [0x00000007aab00000, 0x00000007aee80000, 0x00000007c0000000)
  eden space 29696K, 0% used [0x00000007aab00000,0x00000007aab00000,0x00000007ac800000)
  from space 2560K, 6% used [0x00000007ac800000,0x00000007ac828000,0x00000007aca80000)
  to   space 7680K, 0% used [0x00000007ae700000,0x00000007ae700000,0x00000007aee80000)
 ParOldGen       total 68096K, used 66086K [0x0000000780000000, 0x0000000784280000, 0x00000007aab00000)
  object space 68096K, 97% used [0x0000000780000000,0x0000000784089bd0,0x0000000784280000)
 Metaspace       used 9314K, capacity 9461K, committed 9600K, reserved 1058816K
  class space    used 1004K, capacity 1053K, committed 1152K, reserved 1048576K
Event: 3.483 GC heap after
Heap after GC invocations=7 (full 2):
 PSYoungGen      total 32256K, used 0K [0x00000007aab00000, 0x00000007aee80000, 0x00000007c0000000)
  eden space 29696K, 0% used [0x00000007aab00000,0x00000007aab00000,0x00000007ac800000)
  from space 2560K, 0% used [0x00000007ac800000,0x00000007ac800000,0x00000007aca80000)
  to   space 7680K, 0% used [0x00000007ae700000,0x00000007ae700000,0x00000007aee80000)
 ParOldGen       total 81920K, used 19268K [0x0000000780000000, 0x0000000785000000, 0x00000007aab00000)
  object space 81920K, 23% used [0x0000000780000000,0x00000007812d1150,0x0000000785000000)
 Metaspace       used 9314K, capacity 9461K, committed 9600K, reserved 1058816K
  class space    used 1004K, capacity 1053K, committed 1152K, reserved 1048576K
}
Event: 3.692 GC heap before
{Heap before GC invocations=8 (full 2):
 PSYoungGen      total 32256K, used 29696K [0x00000007aab00000, 0x00000007aee80000, 0x00000007c0000000)
  eden space 29696K, 100% used [0x00000007aab00000,0x00000007ac800000,0x00000007ac800000)
  from space 2560K, 0% used [0x00000007ac800000,0x00000007ac800000,0x00000007aca80000)
  to   space 7680K, 0% used [0x00000007ae700000,0x00000007ae700000,0x00000007aee80000)
 ParOldGen       total 81920K, used 19268K [0x0000000780000000, 0x0000000785000000, 0x00000007aab00000)
  object space 81920K, 23% used [0x0000000780000000,0x00000007812d1150,0x0000000785000000)
 Metaspace       used 9330K, capacity 9525K, committed 9856K, reserved 1058816K
  class space    used 1004K, capacity 1053K, committed 1152K, reserved 1048576K
Event: 3.705 GC heap after
Heap after GC invocations=8 (full 2):
 PSYoungGen      total 58368K, used 5541K [0x00000007aab00000, 0x00000007aee80000, 0x00000007c0000000)
  eden space 50688K, 0% used [0x00000007aab00000,0x00000007aab00000,0x00000007adc80000)
  from space 7680K, 72% used [0x00000007ae700000,0x00000007aec694d8,0x00000007aee80000)
  to   space 9216K, 0% used [0x00000007adc80000,0x00000007adc80000,0x00000007ae580000)
 ParOldGen       total 81920K, used 19276K [0x0000000780000000, 0x0000000785000000, 0x00000007aab00000)
  object space 81920K, 23% used [0x0000000780000000,0x00000007812d3150,0x0000000785000000)
 Metaspace       used 9330K, capacity 9525K, committed 9856K, reserved 1058816K
  class space    used 1004K, capacity 1053K, committed 1152K, reserved 1048576K
}

Deoptimization events (6 events):
Event: 1.073 Thread 0x00007faa5f809000 Uncommon trap: reason=unstable_if action=reinterpret pc=0x000000010b41119c method=java.lang.String.replace(CC)Ljava/lang/String; @ 26
Event: 1.876 Thread 0x00007faa5f809000 Uncommon trap: reason=unstable_if action=reinterpret pc=0x000000010b415ca4 method=java.lang.String.indexOf([CII[CIII)I @ 3
Event: 2.336 Thread 0x00007faa5f809000 Uncommon trap: reason=unstable_if action=reinterpret pc=0x000000010b504414 method=java.awt.image.ComponentColorModel.getDataElements(ILjava/lang/Object;)Ljava/lang/Object; @ 2993
Event: 2.337 Thread 0x00007faa5f809000 Uncommon trap: reason=unstable_if action=reinterpret pc=0x000000010b4e41ec method=sun.awt.image.ByteInterleavedRaster.getDataElements(IILjava/lang/Object;)Ljava/lang/Object; @ 43
Event: 2.536 Thread 0x00007faa5f809000 Uncommon trap: reason=unstable_if action=reinterpret pc=0x000000010b4f274c method=sun.java2d.loops.OpaqueCopyAnyToArgb.Blit(Lsun/java2d/SurfaceData;Lsun/java2d/SurfaceData;Ljava/awt/Composite;Lsun/java2d/pipe/Region;IIIIII)V @ 150
Event: 2.654 Thread 0x00007faa5f809000 Uncommon trap: reason=unstable_if action=reinterpret pc=0x000000010b508f58 method=sun.java2d.loops.OpaqueCopyArgbToAny.Blit(Lsun/java2d/SurfaceData;Lsun/java2d/SurfaceData;Ljava/awt/Composite;Lsun/java2d/pipe/Region;IIIIII)V @ 159

Internal exceptions (10 events):
Event: 0.381 Thread 0x00007faa5f809000 Exception <a 'java/security/PrivilegedActionException'> (0x00000007aacd6e40) thrown at [/Users/java_re/workspace/8-2-build-macosx-x86_64/jdk8u121/8372/hotspot/src/share/vm/prims/jvm.cpp, line 1390]
Event: 0.381 Thread 0x00007faa5f809000 Exception <a 'java/security/PrivilegedActionException'> (0x00000007aacda358) thrown at [/Users/java_re/workspace/8-2-build-macosx-x86_64/jdk8u121/8372/hotspot/src/share/vm/prims/jvm.cpp, line 1390]
Event: 0.381 Thread 0x00007faa5f809000 Exception <a 'java/security/PrivilegedActionException'> (0x00000007aacda568) thrown at [/Users/java_re/workspace/8-2-build-macosx-x86_64/jdk8u121/8372/hotspot/src/share/vm/prims/jvm.cpp, line 1390]
Event: 0.464 Thread 0x00007faa5f809000 Exception <a 'java/lang/NoSuchFieldError': method resolution failed> (0x00000007aada7438) thrown at [/Users/java_re/workspace/8-2-build-macosx-x86_64/jdk8u121/8372/hotspot/src/share/vm/prims/methodHandles.cpp, line 1146]
Event: 0.467 Thread 0x00007faa5f809000 Exception <a 'java/lang/NoSuchFieldError': method resolution failed> (0x00000007aadb4b88) thrown at [/Users/java_re/workspace/8-2-build-macosx-x86_64/jdk8u121/8372/hotspot/src/share/vm/prims/methodHandles.cpp, line 1146]
Event: 0.969 Thread 0x00007faa5f809000 Exception <a 'java/io/FileNotFoundException'> (0x00000007aae2f5a0) thrown at [/Users/java_re/workspace/8-2-build-macosx-x86_64/jdk8u121/8372/hotspot/src/share/vm/prims/jni.cpp, line 709]
Event: 0.969 Thread 0x00007faa5f809000 Exception <a 'java/io/FileNotFoundException'> (0x00000007aae30108) thrown at [/Users/java_re/workspace/8-2-build-macosx-x86_64/jdk8u121/8372/hotspot/src/share/vm/prims/jni.cpp, line 709]
Event: 1.799 Thread 0x00007faa5f809000 Exception <a 'java/lang/NoClassDefFoundError': net/java/games/input/ControllerEnvironment> (0x00000007ab279c28) thrown at [/Users/java_re/workspace/8-2-build-macosx-x86_64/jdk8u121/8372/hotspot/src/share/vm/classfile/systemDictionary.cpp, line 199]
Event: 2.336 Thread 0x00007faa5f809000 Implicit null exception at 0x000000010b503e85 to 0x000000010b5043f9
Event: 2.337 Thread 0x00007faa5f809000 Implicit null exception at 0x000000010b4e3fa4 to 0x000000010b4e41d1

Events (10 events):
Event: 3.587 Thread 0x00007faa5f809000 DEOPT UNPACKING pc=0x000000010b2be633 sp=0x000070000c112cb8 mode 0
Event: 3.589 loading class org/newdawn/slick/state/transition/EmptyTransition
Event: 3.589 loading class org/newdawn/slick/state/transition/EmptyTransition done
Event: 3.692 Executing VM operation: ParallelGCFailedAllocation
Event: 3.705 Executing VM operation: ParallelGCFailedAllocation done
Event: 3.734 loading class org/newdawn/slick/Music
Event: 3.734 loading class org/newdawn/slick/Music done
Event: 3.746 loading class org/newdawn/slick/AngelCodeFont$DisplayList
Event: 3.746 loading class org/newdawn/slick/AngelCodeFont$DisplayList done
Event: 3.968 loading class org/lwjgl/opengl/CallbackUtil


Dynamic libraries:
0x00000000027cb000 	/System/Library/Frameworks/Cocoa.framework/Versions/A/Cocoa
0x00000000027cb000 	/System/Library/Frameworks/Security.framework/Versions/A/Security
0x00000000027cb000 	/System/Library/Frameworks/ApplicationServices.framework/Versions/A/ApplicationServices
0x00000000027cb000 	/usr/lib/libz.1.dylib
0x00000000027cb000 	/usr/lib/libSystem.B.dylib
0x00000000027cb000 	/usr/lib/libobjc.A.dylib
0x00000000027cb000 	/System/Library/Frameworks/CoreFoundation.framework/Versions/A/CoreFoundation
0x00000000027cb000 	/System/Library/Frameworks/Foundation.framework/Versions/C/Foundation
0x00000000027cb000 	/System/Library/Frameworks/AppKit.framework/Versions/C/AppKit
0x00000000027cb000 	/System/Library/Frameworks/CoreData.framework/Versions/A/CoreData
0x00000000027cb000 	/System/Library/PrivateFrameworks/RemoteViewServices.framework/Versions/A/RemoteViewServices
0x00000000027cb000 	/System/Library/PrivateFrameworks/UIFoundation.framework/Versions/A/UIFoundation
0x00000000027cb000 	/System/Library/PrivateFrameworks/DFRFoundation.framework/Versions/A/DFRFoundation
0x00000000027cb000 	/usr/lib/libenergytrace.dylib
0x00000000027cb000 	/System/Library/PrivateFrameworks/SkyLight.framework/Versions/A/SkyLight
0x00000000027cb000 	/System/Library/Frameworks/CoreGraphics.framework/Versions/A/CoreGraphics
0x00000000027cb000 	/usr/lib/libScreenReader.dylib
0x00000000027cb000 	/System/Library/Frameworks/Accelerate.framework/Versions/A/Accelerate
0x00000000027cb000 	/System/Library/Frameworks/IOSurface.framework/Versions/A/IOSurface
0x00000000027cb000 	/System/Library/Frameworks/AudioToolbox.framework/Versions/A/AudioToolbox
0x00000000027cb000 	/System/Library/Frameworks/AudioUnit.framework/Versions/A/AudioUnit
0x00000000027cb000 	/System/Library/PrivateFrameworks/DataDetectorsCore.framework/Versions/A/DataDetectorsCore
0x00000000027cb000 	/System/Library/PrivateFrameworks/DesktopServicesPriv.framework/Versions/A/DesktopServicesPriv
0x00000000027cb000 	/System/Library/Frameworks/Carbon.framework/Versions/A/Frameworks/HIToolbox.framework/Versions/A/HIToolbox
0x00000000027cb000 	/usr/lib/libicucore.A.dylib
0x00000000027cb000 	/System/Library/Frameworks/QuartzCore.framework/Versions/A/QuartzCore
0x00000000027cb000 	/System/Library/Frameworks/Carbon.framework/Versions/A/Frameworks/SpeechRecognition.framework/Versions/A/SpeechRecognition
0x00000000027cb000 	/usr/lib/libauto.dylib
0x00000000027cb000 	/usr/lib/libxml2.2.dylib
0x00000000027cb000 	/System/Library/PrivateFrameworks/CoreUI.framework/Versions/A/CoreUI
0x00000000027cb000 	/System/Library/Frameworks/CoreAudio.framework/Versions/A/CoreAudio
0x00000000027cb000 	/System/Library/Frameworks/DiskArbitration.framework/Versions/A/DiskArbitration
0x00000000027cb000 	/usr/lib/liblangid.dylib
0x00000000027cb000 	/System/Library/PrivateFrameworks/MultitouchSupport.framework/Versions/A/MultitouchSupport
0x00000000027cb000 	/System/Library/Frameworks/IOKit.framework/Versions/A/IOKit
0x00000000027cb000 	/usr/lib/libDiagnosticMessagesClient.dylib
0x00000000027cb000 	/System/Library/Frameworks/CoreServices.framework/Versions/A/CoreServices
0x00000000027cb000 	/System/Library/PrivateFrameworks/PerformanceAnalysis.framework/Versions/A/PerformanceAnalysis
0x00000000027cb000 	/System/Library/PrivateFrameworks/GenerationalStorage.framework/Versions/A/GenerationalStorage
0x00000000027cb000 	/System/Library/Frameworks/OpenGL.framework/Versions/A/OpenGL
0x00000000027cb000 	/System/Library/Frameworks/CoreImage.framework/Versions/A/CoreImage
0x00000000027cb000 	/System/Library/Frameworks/CoreText.framework/Versions/A/CoreText
0x00000000027cb000 	/System/Library/Frameworks/ImageIO.framework/Versions/A/ImageIO
0x00000000027cb000 	/System/Library/PrivateFrameworks/Backup.framework/Versions/A/Backup
0x00000000027cb000 	/usr/lib/libarchive.2.dylib
0x00000000027cb000 	/System/Library/Frameworks/CFNetwork.framework/Versions/A/CFNetwork
0x00000000027cb000 	/System/Library/Frameworks/SystemConfiguration.framework/Versions/A/SystemConfiguration
0x00000000027cb000 	/usr/lib/libCRFSuite.dylib
0x00000000027cb000 	/usr/lib/libc++.1.dylib
0x00000000027cb000 	/usr/lib/libc++abi.dylib
0x00000000027cb000 	/usr/lib/system/libcache.dylib
0x00000000027cb000 	/usr/lib/system/libcommonCrypto.dylib
0x00000000027cb000 	/usr/lib/system/libcompiler_rt.dylib
0x00000000027cb000 	/usr/lib/system/libcopyfile.dylib
0x00000000027cb000 	/usr/lib/system/libcorecrypto.dylib
0x00000000027cb000 	/usr/lib/system/libdispatch.dylib
0x00000000027cb000 	/usr/lib/system/libdyld.dylib
0x00000000027cb000 	/usr/lib/system/libkeymgr.dylib
0x00000000027cb000 	/usr/lib/system/liblaunch.dylib
0x00000000027cb000 	/usr/lib/system/libmacho.dylib
0x00000000027cb000 	/usr/lib/system/libquarantine.dylib
0x00000000027cb000 	/usr/lib/system/libremovefile.dylib
0x00000000027cb000 	/usr/lib/system/libsystem_asl.dylib
0x00000000027cb000 	/usr/lib/system/libsystem_blocks.dylib
0x00000000027cb000 	/usr/lib/system/libsystem_c.dylib
0x00000000027cb000 	/usr/lib/system/libsystem_configuration.dylib
0x00000000027cb000 	/usr/lib/system/libsystem_coreservices.dylib
0x00000000027cb000 	/usr/lib/system/libsystem_coretls.dylib
0x00000000027cb000 	/usr/lib/system/libsystem_dnssd.dylib
0x00000000027cb000 	/usr/lib/system/libsystem_info.dylib
0x00000000027cb000 	/usr/lib/system/libsystem_kernel.dylib
0x00000000027cb000 	/usr/lib/system/libsystem_m.dylib
0x00000000027cb000 	/usr/lib/system/libsystem_malloc.dylib
0x00000000027cb000 	/usr/lib/system/libsystem_network.dylib
0x00000000027cb000 	/usr/lib/system/libsystem_networkextension.dylib
0x00000000027cb000 	/usr/lib/system/libsystem_notify.dylib
0x00000000027cb000 	/usr/lib/system/libsystem_platform.dylib
0x00000000027cb000 	/usr/lib/system/libsystem_pthread.dylib
0x00000000027cb000 	/usr/lib/system/libsystem_sandbox.dylib
0x00000000027cb000 	/usr/lib/system/libsystem_secinit.dylib
0x00000000027cb000 	/usr/lib/system/libsystem_symptoms.dylib
0x00000000027cb000 	/usr/lib/system/libsystem_trace.dylib
0x00000000027cb000 	/usr/lib/system/libunwind.dylib
0x00000000027cb000 	/usr/lib/system/libxpc.dylib
0x00000000027cb000 	/usr/lib/libbsm.0.dylib
0x00000000027cb000 	/usr/lib/system/libkxld.dylib
0x00000000027cb000 	/usr/lib/libcoretls.dylib
0x00000000027cb000 	/usr/lib/libcoretls_cfhelpers.dylib
0x00000000027cb000 	/usr/lib/libxar.1.dylib
0x00000000027cb000 	/usr/lib/libsqlite3.dylib
0x00000000027cb000 	/usr/lib/libpam.2.dylib
0x00000000027cb000 	/usr/lib/libOpenScriptingUtil.dylib
0x00000000027cb000 	/usr/lib/libbz2.1.0.dylib
0x00000000027cb000 	/usr/lib/liblzma.5.dylib
0x00000000027cb000 	/usr/lib/libnetwork.dylib
0x00000000027cb000 	/usr/lib/libpcap.A.dylib
0x00000000027cb000 	/System/Library/Frameworks/CoreServices.framework/Versions/A/Frameworks/FSEvents.framework/Versions/A/FSEvents
0x00000000027cb000 	/System/Library/Frameworks/CoreServices.framework/Versions/A/Frameworks/CarbonCore.framework/Versions/A/CarbonCore
0x00000000027cb000 	/System/Library/Frameworks/CoreServices.framework/Versions/A/Frameworks/Metadata.framework/Versions/A/Metadata
0x00000000027cb000 	/System/Library/Frameworks/CoreServices.framework/Versions/A/Frameworks/OSServices.framework/Versions/A/OSServices
0x00000000027cb000 	/System/Library/Frameworks/CoreServices.framework/Versions/A/Frameworks/SearchKit.framework/Versions/A/SearchKit
0x00000000027cb000 	/System/Library/Frameworks/CoreServices.framework/Versions/A/Frameworks/AE.framework/Versions/A/AE
0x00000000027cb000 	/System/Library/Frameworks/CoreServices.framework/Versions/A/Frameworks/LaunchServices.framework/Versions/A/LaunchServices
0x00000000027cb000 	/System/Library/Frameworks/CoreServices.framework/Versions/A/Frameworks/DictionaryServices.framework/Versions/A/DictionaryServices
0x00000000027cb000 	/System/Library/Frameworks/CoreServices.framework/Versions/A/Frameworks/SharedFileList.framework/Versions/A/SharedFileList
0x00000000027cb000 	/System/Library/Frameworks/NetFS.framework/Versions/A/NetFS
0x00000000027cb000 	/System/Library/PrivateFrameworks/NetAuth.framework/Versions/A/NetAuth
0x00000000027cb000 	/System/Library/PrivateFrameworks/login.framework/Versions/A/Frameworks/loginsupport.framework/Versions/A/loginsupport
0x00000000027cb000 	/System/Library/PrivateFrameworks/TCC.framework/Versions/A/TCC
0x00000000027cb000 	/usr/lib/libmecabra.dylib
0x00000000027cb000 	/System/Library/Frameworks/ApplicationServices.framework/Versions/A/Frameworks/ATS.framework/Versions/A/ATS
0x00000000027cb000 	/System/Library/Frameworks/ApplicationServices.framework/Versions/A/Frameworks/ColorSync.framework/Versions/A/ColorSync
0x00000000027cb000 	/System/Library/Frameworks/ApplicationServices.framework/Versions/A/Frameworks/HIServices.framework/Versions/A/HIServices
0x00000000027cb000 	/System/Library/Frameworks/ApplicationServices.framework/Versions/A/Frameworks/LangAnalysis.framework/Versions/A/LangAnalysis
0x00000000027cb000 	/System/Library/Frameworks/ApplicationServices.framework/Versions/A/Frameworks/PrintCore.framework/Versions/A/PrintCore
0x00000000027cb000 	/System/Library/Frameworks/ApplicationServices.framework/Versions/A/Frameworks/QD.framework/Versions/A/QD
0x00000000027cb000 	/System/Library/Frameworks/ApplicationServices.framework/Versions/A/Frameworks/SpeechSynthesis.framework/Versions/A/SpeechSynthesis
0x00000000027cb000 	/System/Library/Frameworks/Accelerate.framework/Versions/A/Frameworks/vImage.framework/Versions/A/vImage
0x00000000027cb000 	/System/Library/Frameworks/Accelerate.framework/Versions/A/Frameworks/vecLib.framework/Versions/A/vecLib
0x00000000027cb000 	/System/Library/Frameworks/Accelerate.framework/Versions/A/Frameworks/vecLib.framework/Versions/A/libvDSP.dylib
0x00000000027cb000 	/System/Library/Frameworks/Accelerate.framework/Versions/A/Frameworks/vecLib.framework/Versions/A/libBNNS.dylib
0x00000000027cb000 	/System/Library/Frameworks/Accelerate.framework/Versions/A/Frameworks/vecLib.framework/Versions/A/libQuadrature.dylib
0x00000000027cb000 	/System/Library/Frameworks/Accelerate.framework/Versions/A/Frameworks/vecLib.framework/Versions/A/libvMisc.dylib
0x00000000027cb000 	/System/Library/Frameworks/Accelerate.framework/Versions/A/Frameworks/vecLib.framework/Versions/A/libLAPACK.dylib
0x00000000027cb000 	/System/Library/Frameworks/Accelerate.framework/Versions/A/Frameworks/vecLib.framework/Versions/A/libBLAS.dylib
0x00000000027cb000 	/System/Library/Frameworks/Accelerate.framework/Versions/A/Frameworks/vecLib.framework/Versions/A/libLinearAlgebra.dylib
0x00000000027cb000 	/System/Library/Frameworks/Accelerate.framework/Versions/A/Frameworks/vecLib.framework/Versions/A/libSparseBLAS.dylib
0x00000000027cb000 	/System/Library/Frameworks/ApplicationServices.framework/Versions/A/Frameworks/ATS.framework/Versions/A/Resources/libFontParser.dylib
0x00000000027cb000 	/System/Library/Frameworks/ApplicationServices.framework/Versions/A/Frameworks/ATS.framework/Versions/A/Resources/libFontRegistry.dylib
0x00000000027cb000 	/System/Library/Frameworks/ImageIO.framework/Versions/A/Resources/libJPEG.dylib
0x00000000027cb000 	/System/Library/Frameworks/ImageIO.framework/Versions/A/Resources/libTIFF.dylib
0x00000000027cb000 	/System/Library/Frameworks/ImageIO.framework/Versions/A/Resources/libPng.dylib
0x00000000027cb000 	/System/Library/Frameworks/ImageIO.framework/Versions/A/Resources/libGIF.dylib
0x00000000027cb000 	/System/Library/Frameworks/ImageIO.framework/Versions/A/Resources/libJP2.dylib
0x00000000027cb000 	/System/Library/Frameworks/ImageIO.framework/Versions/A/Resources/libRadiance.dylib
0x00000000027cb000 	/usr/lib/libcompression.dylib
0x00000000027cb000 	/System/Library/PrivateFrameworks/AppleJPEG.framework/Versions/A/AppleJPEG
0x00000000027cb000 	/usr/lib/libcups.2.dylib
0x00000000027cb000 	/System/Library/Frameworks/Kerberos.framework/Versions/A/Kerberos
0x00000000027cb000 	/System/Library/Frameworks/GSS.framework/Versions/A/GSS
0x00000000027cb000 	/usr/lib/libresolv.9.dylib
0x00000000027cb000 	/usr/lib/libiconv.2.dylib
0x00000000027cb000 	/System/Library/PrivateFrameworks/Heimdal.framework/Versions/A/Heimdal
0x00000000027cb000 	/usr/lib/libheimdal-asn1.dylib
0x00000000027cb000 	/System/Library/Frameworks/OpenDirectory.framework/Versions/A/OpenDirectory
0x00000000027cb000 	/System/Library/PrivateFrameworks/CommonAuth.framework/Versions/A/CommonAuth
0x00000000027cb000 	/System/Library/Frameworks/OpenDirectory.framework/Versions/A/Frameworks/CFOpenDirectory.framework/Versions/A/CFOpenDirectory
0x00000000027cb000 	/System/Library/Frameworks/SecurityFoundation.framework/Versions/A/SecurityFoundation
0x00000000027cb000 	/System/Library/PrivateFrameworks/LanguageModeling.framework/Versions/A/LanguageModeling
0x00000000027cb000 	/usr/lib/libmarisa.dylib
0x00000000027cb000 	/usr/lib/libChineseTokenizer.dylib
0x00000000027cb000 	/usr/lib/libcmph.dylib
0x00000000027cb000 	/System/Library/PrivateFrameworks/CoreEmoji.framework/Versions/A/CoreEmoji
0x00000000027cb000 	/System/Library/Frameworks/ServiceManagement.framework/Versions/A/ServiceManagement
0x00000000027cb000 	/usr/lib/libxslt.1.dylib
0x00000000027cb000 	/System/Library/Frameworks/Carbon.framework/Versions/A/Frameworks/Ink.framework/Versions/A/Ink
0x00000000027cb000 	/System/Library/PrivateFrameworks/TextureIO.framework/Versions/A/TextureIO
0x00000000027cb000 	/System/Library/Frameworks/Metal.framework/Versions/A/Metal
0x00000000027cb000 	/usr/lib/libate.dylib
0x00000000027cb000 	/System/Library/PrivateFrameworks/GPUCompiler.framework/libmetal_timestamp.dylib
0x00000000027cb000 	/System/Library/Frameworks/OpenGL.framework/Versions/A/Libraries/libCoreFSCache.dylib
0x00000000027cb000 	/System/Library/PrivateFrameworks/IOAccelerator.framework/Versions/A/IOAccelerator
0x00000000027cb000 	/System/Library/Frameworks/CoreVideo.framework/Versions/A/CoreVideo
0x00000000027cb000 	/usr/lib/libFosl_dynamic.dylib
0x00000000027cb000 	/System/Library/PrivateFrameworks/MetalPerformanceShaders.framework/Versions/A/MetalPerformanceShaders
0x00000000027cb000 	/System/Library/PrivateFrameworks/FaceCore.framework/Versions/A/FaceCore
0x00000000027cb000 	/System/Library/Frameworks/OpenCL.framework/Versions/A/OpenCL
0x00000000027cb000 	/System/Library/Frameworks/OpenGL.framework/Versions/A/Libraries/libGLU.dylib
0x00000000027cb000 	/System/Library/Frameworks/OpenGL.framework/Versions/A/Libraries/libGFXShared.dylib
0x00000000027cb000 	/System/Library/Frameworks/OpenGL.framework/Versions/A/Libraries/libGL.dylib
0x00000000027cb000 	/System/Library/Frameworks/OpenGL.framework/Versions/A/Libraries/libGLImage.dylib
0x00000000027cb000 	/System/Library/Frameworks/OpenGL.framework/Versions/A/Libraries/libCVMSPluginSupport.dylib
0x00000000027cb000 	/System/Library/Frameworks/OpenGL.framework/Versions/A/Libraries/libCoreVMClient.dylib
0x00000000027cb000 	/System/Library/PrivateFrameworks/CrashReporterSupport.framework/Versions/A/CrashReporterSupport
0x00000000027cb000 	/System/Library/PrivateFrameworks/Sharing.framework/Versions/A/Sharing
0x00000000027cb000 	/System/Library/PrivateFrameworks/IconServices.framework/Versions/A/IconServices
0x00000000027cb000 	/System/Library/PrivateFrameworks/ProtocolBuffer.framework/Versions/A/ProtocolBuffer
0x00000000027cb000 	/System/Library/PrivateFrameworks/Apple80211.framework/Versions/A/Apple80211
0x00000000027cb000 	/System/Library/Frameworks/CoreWLAN.framework/Versions/A/CoreWLAN
0x00000000027cb000 	/System/Library/PrivateFrameworks/CoreUtils.framework/Versions/A/CoreUtils
0x00000000027cb000 	/System/Library/Frameworks/IOBluetooth.framework/Versions/A/IOBluetooth
0x00000000027cb000 	/System/Library/PrivateFrameworks/CoreWiFi.framework/Versions/A/CoreWiFi
0x00000000027cb000 	/System/Library/Frameworks/CoreBluetooth.framework/Versions/A/CoreBluetooth
0x00000000027cb000 	/System/Library/Frameworks/CoreDisplay.framework/Versions/A/CoreDisplay
0x00000000027cb000 	/System/Library/PrivateFrameworks/IOPresentment.framework/Versions/A/IOPresentment
0x00000000027cb000 	/System/Library/PrivateFrameworks/DebugSymbols.framework/Versions/A/DebugSymbols
0x00000000027cb000 	/System/Library/PrivateFrameworks/CoreSymbolication.framework/Versions/A/CoreSymbolication
0x00000000027cb000 	/System/Library/PrivateFrameworks/Symbolication.framework/Versions/A/Symbolication
0x00000000027cb000 	/System/Library/PrivateFrameworks/AppleFSCompression.framework/Versions/A/AppleFSCompression
0x00000000027cb000 	/System/Library/PrivateFrameworks/SpeechRecognitionCore.framework/Versions/A/SpeechRecognitionCore
0x00000000027cb000 	/System/Library/PrivateFrameworks/ChunkingLibrary.framework/Versions/A/ChunkingLibrary
0x0000000103600000 	/Library/Java/JavaVirtualMachines/jdk1.8.0_121.jdk/Contents/Home/jre/lib/server/libjvm.dylib
0x00000000027cb000 	/usr/lib/libstdc++.6.dylib
0x0000000102dd9000 	/Library/Java/JavaVirtualMachines/jdk1.8.0_121.jdk/Contents/Home/jre/lib/libverify.dylib
0x00000001045a2000 	/Library/Java/JavaVirtualMachines/jdk1.8.0_121.jdk/Contents/Home/jre/lib/libjava.dylib
0x0000000102df1000 	/Library/Java/JavaVirtualMachines/jdk1.8.0_121.jdk/Contents/Home/jre/lib/libzip.dylib
0x00000001089d1000 	/System/Library/Frameworks/JavaVM.framework/Frameworks/JavaRuntimeSupport.framework/JavaRuntimeSupport
0x00000001089eb000 	/System/Library/Frameworks/JavaVM.framework/Versions/A/Frameworks/JavaNativeFoundation.framework/Versions/A/JavaNativeFoundation
0x0000000108a00000 	/System/Library/Frameworks/JavaVM.framework/Versions/A/JavaVM
0x00000000027cb000 	/System/Library/Frameworks/Carbon.framework/Versions/A/Carbon
0x0000000108a0d000 	/System/Library/PrivateFrameworks/JavaLaunching.framework/Versions/A/JavaLaunching
0x00000000027cb000 	/System/Library/Frameworks/Carbon.framework/Versions/A/Frameworks/CommonPanels.framework/Versions/A/CommonPanels
0x00000000027cb000 	/System/Library/Frameworks/Carbon.framework/Versions/A/Frameworks/Help.framework/Versions/A/Help
0x00000000027cb000 	/System/Library/Frameworks/Carbon.framework/Versions/A/Frameworks/ImageCapture.framework/Versions/A/ImageCapture
0x00000000027cb000 	/System/Library/Frameworks/Carbon.framework/Versions/A/Frameworks/OpenScripting.framework/Versions/A/OpenScripting
0x00000000027cb000 	/System/Library/Frameworks/Carbon.framework/Versions/A/Frameworks/Print.framework/Versions/A/Print
0x00000000027cb000 	/System/Library/Frameworks/Carbon.framework/Versions/A/Frameworks/SecurityHI.framework/Versions/A/SecurityHI
0x000000010a331000 	/Library/Java/JavaVirtualMachines/jdk1.8.0_121.jdk/Contents/Home/jre/lib/libawt.dylib
0x000000010a3d9000 	/Library/Java/JavaVirtualMachines/jdk1.8.0_121.jdk/Contents/Home/jre/lib/./libmlib_image.dylib
0x000000010a4a5000 	/Library/Java/JavaVirtualMachines/jdk1.8.0_121.jdk/Contents/Home/jre/lib/libawt_lwawt.dylib
0x000000010a55c000 	/Library/Java/JavaVirtualMachines/jdk1.8.0_121.jdk/Contents/Home/jre/lib/./libosxapp.dylib
0x00000000027cb000 	/System/Library/Frameworks/ExceptionHandling.framework/Versions/A/ExceptionHandling
0x00000000027cb000 	/System/Library/PrivateFrameworks/CoreServicesInternal.framework/Versions/A/CoreServicesInternal
0x00000000027cb000 	/System/Library/CoreServices/RawCamera.bundle/Contents/MacOS/RawCamera
0x00000000027cb000 	/System/Library/Frameworks/Accelerate.framework/Versions/A/Frameworks/vImage.framework/Versions/A/Libraries/libCGInterfaces.dylib
0x00000000027cb000 	/System/Library/Frameworks/ApplicationServices.framework/Versions/A/Frameworks/ATS.framework/Versions/A/Resources/libTrueTypeScaler.dylib
0x00000000027cb000 	/System/Library/Frameworks/OpenGL.framework/Versions/A/Resources/GLEngine.bundle/GLEngine
0x00000000027cb000 	/System/Library/Frameworks/OpenGL.framework/Versions/A/Libraries/libGLProgrammability.dylib
0x000000011b06f000 	/System/Library/Extensions/AppleIntelBDWGraphicsGLDriver.bundle/Contents/MacOS/AppleIntelBDWGraphicsGLDriver
0x00000000027cb000 	/System/Library/PrivateFrameworks/GPUSupport.framework/Versions/A/Libraries/libGPUSupportMercury.dylib
0x00000000027cb000 	/System/Library/Frameworks/OpenGL.framework/Versions/A/Resources/GLRendererFloat.bundle/GLRendererFloat
0x00000000027cb000 	/System/Library/Frameworks/OpenCL.framework/Versions/A/Libraries/libcldcpuengine.dylib
0x00000000027cb000 	/usr/lib/libcrypto.0.9.8.dylib
0x00000000027cb000 	/System/Library/PrivateFrameworks/TrustEvaluationAgent.framework/Versions/A/TrustEvaluationAgent
0x000000011b7cb000 	/System/Library/Extensions/AppleIntelBDWGraphicsMTLDriver.bundle/Contents/MacOS/AppleIntelBDWGraphicsMTLDriver
0x00000000027cb000 	/System/Library/PrivateFrameworks/FamilyControls.framework/Versions/A/FamilyControls
0x00000000027cb000 	/System/Library/PrivateFrameworks/CommerceKit.framework/Versions/A/Frameworks/CommerceCore.framework/Versions/A/CommerceCore
0x00000000027cb000 	/System/Library/PrivateFrameworks/SystemAdministration.framework/Versions/A/SystemAdministration
0x00000000027cb000 	/System/Library/PrivateFrameworks/AppContainer.framework/Versions/A/AppContainer
0x00000000027cb000 	/System/Library/PrivateFrameworks/SecCodeWrapper.framework/Versions/A/SecCodeWrapper
0x00000000027cb000 	/System/Library/Frameworks/DirectoryService.framework/Versions/A/DirectoryService
0x00000000027cb000 	/System/Library/PrivateFrameworks/DiskImages.framework/Versions/A/DiskImages
0x00000000027cb000 	/System/Library/PrivateFrameworks/LoginUIKit.framework/Versions/A/Frameworks/LoginUICore.framework/Versions/A/LoginUICore
0x00000000027cb000 	/usr/lib/libCoreStorage.dylib
0x00000000027cb000 	/usr/lib/libcsfde.dylib
0x00000000027cb000 	/usr/lib/libodfde.dylib
0x00000000027cb000 	/System/Library/Frameworks/DiscRecording.framework/Versions/A/DiscRecording
0x00000000027cb000 	/usr/lib/libcurl.4.dylib
0x00000000027cb000 	/System/Library/PrivateFrameworks/MediaKit.framework/Versions/A/MediaKit
0x00000000027cb000 	/System/Library/PrivateFrameworks/ProtectedCloudStorage.framework/Versions/A/ProtectedCloudStorage
0x00000000027cb000 	/System/Library/PrivateFrameworks/EFILogin.framework/Versions/A/EFILogin
0x00000000027cb000 	/usr/lib/libutil.dylib
0x00000000027cb000 	/System/Library/Frameworks/LDAP.framework/Versions/A/LDAP
0x00000000027cb000 	/usr/lib/libsasl2.2.dylib
0x00000000027cb000 	/System/Library/PrivateFrameworks/CoreDaemon.framework/Versions/B/CoreDaemon
0x00000000027cb000 	/System/Library/PrivateFrameworks/AppleSRP.framework/Versions/A/AppleSRP
0x00000000027cb000 	/System/Library/PrivateFrameworks/APFS.framework/Versions/A/APFS
0x000000011cb29000 	/Library/Java/JavaVirtualMachines/jdk1.8.0_121.jdk/Contents/Home/jre/lib/libfontmanager.dylib
0x000000011cb90000 	/Users/riyu20/Documents/workspace/Game/lib/natives/macosx/liblwjgl.dylib
0x000000010a8ab000 	/Library/Java/JavaVirtualMachines/jdk1.8.0_121.jdk/Contents/Home/jre/lib/libjawt.dylib
0x00000000027cb000 	/System/Library/PrivateFrameworks/ViewBridge.framework/Versions/A/ViewBridge
0x00000000027cb000 	/System/Library/PrivateFrameworks/XPCService.framework/Versions/A/XPCService
0x00000000027cb000 	/System/Library/PrivateFrameworks/AppSandbox.framework/Versions/A/AppSandbox
0x00000000027cb000 	/usr/lib/libsandbox.1.dylib
0x00000000027cb000 	/usr/lib/libMatch.1.dylib
0x000000011d646000 	/Library/Java/JavaVirtualMachines/jdk1.8.0_121.jdk/Contents/Home/jre/lib/libnio.dylib
0x000000011d656000 	/Library/Java/JavaVirtualMachines/jdk1.8.0_121.jdk/Contents/Home/jre/lib/./libnet.dylib
0x000000011d66d000 	/Library/Java/JavaVirtualMachines/jdk1.8.0_121.jdk/Contents/Home/jre/lib/libjpeg.dylib

VM Arguments:
jvm_args: -Djava.library.path=/Users/riyu20/Documents/workspace/Game/lib/natives/macosx -Dfile.encoding=UTF-8 
java_command: javagame.Game
java_class_path (initial): /Users/riyu20/Documents/workspace/Game/bin:/Users/riyu20/Documents/workspace/Game/lib/jars/lwjgl.jar:/Users/riyu20/Documents/workspace/Game/lib/jars/slick.jar
Launcher Type: SUN_STANDARD

Environment Variables:
PATH=/usr/bin:/bin:/usr/sbin:/sbin
SHELL=/bin/bash

Signal Handlers:
SIGSEGV: [libjvm.dylib+0x5b1141], sa_mask[0]=11111111011111110111111111111111, sa_flags=SA_ONSTACK|SA_RESTART|SA_SIGINFO
SIGBUS: [libjvm.dylib+0x5b1141], sa_mask[0]=11111111011111110111111111111111, sa_flags=SA_RESTART|SA_SIGINFO
SIGFPE: [libjvm.dylib+0x487bc4], sa_mask[0]=11111111011111110111111111111111, sa_flags=SA_RESTART|SA_SIGINFO
SIGPIPE: [libjvm.dylib+0x487bc4], sa_mask[0]=11111111011111110111111111111111, sa_flags=SA_RESTART|SA_SIGINFO
SIGXFSZ: [libjvm.dylib+0x487bc4], sa_mask[0]=11111111011111110111111111111111, sa_flags=SA_RESTART|SA_SIGINFO
SIGILL: [libjvm.dylib+0x487bc4], sa_mask[0]=11111111011111110111111111111111, sa_flags=SA_RESTART|SA_SIGINFO
SIGUSR1: SIG_DFL, sa_mask[0]=00000000000000000000000000000000, sa_flags=none
SIGUSR2: [libjvm.dylib+0x4876e2], sa_mask[0]=00100000000000000000000000000000, sa_flags=SA_RESTART|SA_SIGINFO
SIGHUP: [libjvm.dylib+0x485cb9], sa_mask[0]=11111111011111110111111111111111, sa_flags=SA_RESTART|SA_SIGINFO
SIGINT: [libjvm.dylib+0x485cb9], sa_mask[0]=11111111011111110111111111111111, sa_flags=SA_RESTART|SA_SIGINFO
SIGTERM: [libjvm.dylib+0x485cb9], sa_mask[0]=11111111011111110111111111111111, sa_flags=SA_RESTART|SA_SIGINFO
SIGQUIT: [libjvm.dylib+0x485cb9], sa_mask[0]=11111111011111110111111111111111, sa_flags=SA_RESTART|SA_SIGINFO


---------------  S Y S T E M  ---------------

OS:Bsduname:Darwin 16.3.0 Darwin Kernel Version 16.3.0: Thu Nov 17 20:23:58 PST 2016; root:xnu-3789.31.2~1/RELEASE_X86_64 x86_64
rlimit: STACK 8192k, CORE 0k, NPROC 709, NOFILE 10240, AS infinity
load average:5.86 4.75 5.33

CPU:total 4 (2 cores per cpu, 2 threads per core) family 6 model 61 stepping 4, cmov, cx8, fxsr, mmx, sse, sse2, sse3, ssse3, sse4.1, sse4.2, popcnt, avx, avx2, aes, clmul, erms, 3dnowpref, lzcnt, ht, tsc, tscinvbit, bmi1, bmi2, adx

Memory: 4k page, physical 4194304k(58828k free)

/proc/meminfo:


vm_info: Java HotSpot(TM) 64-Bit Server VM (25.121-b13) for bsd-amd64 JRE (1.8.0_121-b13), built on Dec 12 2016 20:39:32 by "java_re" with gcc 4.2.1 (Based on Apple Inc. build 5658) (LLVM build 2336.11.00)

time: Thu Mar 16 19:36:26 2017
elapsed time: 3 seconds (0d 0h 0m 3s)

